Started GET "/" for ::1 at 2021-02-24 08:25:25 -0600
  [1m[35m (0.7ms)[0m  [1m[34mSELECT "schema_migrations"."version" FROM "schema_migrations" ORDER BY "schema_migrations"."version" ASC[0m
Processing by HomepageController#index as HTML
  Rendering layout layouts/application.html.erb
  Rendering homepage/index.html.erb within layouts/application
  Rendered homepage/index.html.erb within layouts/application (Duration: 2.2ms | Allocations: 384)
[Webpacker] Compiling...
[Webpacker] Compilation failed:
yarn run v1.22.10
info Visit https://yarnpkg.com/en/docs/cli/run for documentation about this command.


error Command "webpack" not found.

  Rendered layout layouts/application.html.erb (Duration: 775.1ms | Allocations: 13598)
Completed 500 Internal Server Error in 792ms (ActiveRecord: 0.0ms | Allocations: 20324)


  
ActionView::Template::Error (Webpacker can't find application.js in /Users/reomatsuda/MSCFISHProgramAssistant/MSCFISHPA/public/packs/manifest.json. Possible causes:
1. You want to set webpacker.yml value of compile to true for your environment
   unless you are using the `webpack -w` or the webpack-dev-server.
2. webpack has not yet re-run to reflect updates.
3. You have misconfigured Webpacker's config/webpacker.yml file.
4. Your webpack configuration is not creating a manifest.
Your manifest contains:
{
}
):
     7:     <%= csp_meta_tag %>
     8: 
     9:     <%= stylesheet_link_tag 'application', media: 'all', 'data-turbolinks-track': 'reload' %>
    10:     <%= javascript_pack_tag 'application', 'data-turbolinks-track': 'reload' %>
    11:     <meta name="viewport" content="width=device-width, initial-scale=1, shrink-to-fit=no">
    12:     <%= javascript_pack_tag 'Index' %>
    13:   </head>
  
app/views/layouts/application.html.erb:10
Started GET "/" for ::1 at 2021-02-24 08:26:05 -0600
  [1m[35m (0.7ms)[0m  [1m[34mSELECT "schema_migrations"."version" FROM "schema_migrations" ORDER BY "schema_migrations"."version" ASC[0m
Processing by HomepageController#index as HTML
  Rendering layout layouts/application.html.erb
  Rendering homepage/index.html.erb within layouts/application
  Rendered homepage/index.html.erb within layouts/application (Duration: 0.7ms | Allocations: 277)
[Webpacker] Compiling...
[Webpacker] Compiled all packs in /Users/reomatsuda/MSCFISHProgramAssistant/MSCFISHPA/public/packs
[Webpacker] Hash: 559771db8baeb222deef
Version: webpack 4.46.0
Time: 6261ms
Built at: 02/24/2021 8:26:12 AM
                                     Asset       Size       Chunks                         Chunk Names
          js/Index-07247927f62278d279b7.js   2.67 MiB        Index  [emitted] [immutable]  Index
      js/Index-07247927f62278d279b7.js.map   2.92 MiB        Index  [emitted] [dev]        Index
    js/application-b43fa54005da8e229d8c.js    125 KiB  application  [emitted] [immutable]  application
js/application-b43fa54005da8e229d8c.js.map    139 KiB  application  [emitted] [dev]        application
                             manifest.json  661 bytes               [emitted]              
Entrypoint application = js/application-b43fa54005da8e229d8c.js js/application-b43fa54005da8e229d8c.js.map
Entrypoint Index = js/Index-07247927f62278d279b7.js js/Index-07247927f62278d279b7.js.map
[./app/javascript/channels sync recursive _channel\.js$] ./app/javascript/channels sync _channel\.js$ 160 bytes {application} [built]
[./app/javascript/channels/index.js] 211 bytes {application} [built]
[./app/javascript/packs/Index.jsx] 669 bytes {Index} [built]
[./app/javascript/packs/application.js] 492 bytes {application} [built]
[./app/javascript/routes/Index.jsx] 1.73 KiB {Index} [built]
[./node_modules/webpack/buildin/global.js] (webpack)/buildin/global.js 905 bytes {Index} [built]
[./node_modules/webpack/buildin/module.js] (webpack)/buildin/module.js 552 bytes {application} {Index} [built]
    + 46 hidden modules

[Webpacker] Everything's up-to-date. Nothing to do
  Rendered layout layouts/application.html.erb (Duration: 7464.4ms | Allocations: 9172)
Completed 200 OK in 7477ms (Views: 7468.1ms | ActiveRecord: 0.0ms | Allocations: 14917)


Started GET "/" for ::1 at 2021-02-24 08:26:16 -0600
Processing by HomepageController#index as HTML
  Rendering layout layouts/application.html.erb
  Rendering homepage/index.html.erb within layouts/application
  Rendered homepage/index.html.erb within layouts/application (Duration: 0.1ms | Allocations: 37)
[Webpacker] Everything's up-to-date. Nothing to do
[Webpacker] Everything's up-to-date. Nothing to do
  Rendered layout layouts/application.html.erb (Duration: 11.2ms | Allocations: 5454)
Completed 200 OK in 13ms (Views: 12.0ms | ActiveRecord: 0.0ms | Allocations: 5919)


Started GET "/" for ::1 at 2021-02-24 08:28:17 -0600
  [1m[35m (0.7ms)[0m  [1m[34mSELECT "schema_migrations"."version" FROM "schema_migrations" ORDER BY "schema_migrations"."version" ASC[0m
Processing by HomepageController#index as HTML
  Rendering layout layouts/application.html.erb
  Rendering homepage/index.html.erb within layouts/application
  Rendered homepage/index.html.erb within layouts/application (Duration: 0.6ms | Allocations: 276)
[Webpacker] Everything's up-to-date. Nothing to do
[Webpacker] Everything's up-to-date. Nothing to do
  Rendered layout layouts/application.html.erb (Duration: 14.7ms | Allocations: 7885)
Completed 200 OK in 23ms (Views: 17.6ms | ActiveRecord: 0.0ms | Allocations: 11046)


Started GET "/" for ::1 at 2021-02-24 08:28:21 -0600
Processing by HomepageController#index as HTML
  Rendering layout layouts/application.html.erb
  Rendering homepage/index.html.erb within layouts/application
  Rendered homepage/index.html.erb within layouts/application (Duration: 0.1ms | Allocations: 36)
[Webpacker] Everything's up-to-date. Nothing to do
[Webpacker] Everything's up-to-date. Nothing to do
  Rendered layout layouts/application.html.erb (Duration: 10.2ms | Allocations: 5421)
Completed 200 OK in 11ms (Views: 10.7ms | ActiveRecord: 0.0ms | Allocations: 5870)


Started GET "/api/v1/events/index" for ::1 at 2021-02-24 08:28:22 -0600
Processing by Api::V1::EventsController#index as */*
  [1m[36mEvent Load (1.4ms)[0m  [1m[34mSELECT "events".* FROM "events" ORDER BY "events"."created_at" DESC[0m
  ↳ app/controllers/api/v1/events_controller.rb:4:in `index'
Completed 200 OK in 27ms (Views: 8.6ms | ActiveRecord: 10.0ms | Allocations: 11643)


Started GET "/" for ::1 at 2021-02-24 08:28:23 -0600
Processing by HomepageController#index as HTML
  Rendering layout layouts/application.html.erb
  Rendering homepage/index.html.erb within layouts/application
  Rendered homepage/index.html.erb within layouts/application (Duration: 0.1ms | Allocations: 36)
[Webpacker] Everything's up-to-date. Nothing to do
[Webpacker] Everything's up-to-date. Nothing to do
  Rendered layout layouts/application.html.erb (Duration: 9.0ms | Allocations: 5515)
Completed 200 OK in 10ms (Views: 9.5ms | ActiveRecord: 0.0ms | Allocations: 5966)


Started GET "/" for ::1 at 2021-02-24 08:28:27 -0600
Processing by HomepageController#index as HTML
  Rendering layout layouts/application.html.erb
  Rendering homepage/index.html.erb within layouts/application
  Rendered homepage/index.html.erb within layouts/application (Duration: 0.1ms | Allocations: 36)
[Webpacker] Everything's up-to-date. Nothing to do
[Webpacker] Everything's up-to-date. Nothing to do
  Rendered layout layouts/application.html.erb (Duration: 8.2ms | Allocations: 5421)
Completed 200 OK in 9ms (Views: 8.6ms | ActiveRecord: 0.0ms | Allocations: 5863)


Started GET "/" for ::1 at 2021-02-24 08:28:28 -0600
Processing by HomepageController#index as HTML
  Rendering layout layouts/application.html.erb
  Rendering homepage/index.html.erb within layouts/application
  Rendered homepage/index.html.erb within layouts/application (Duration: 0.1ms | Allocations: 36)
[Webpacker] Everything's up-to-date. Nothing to do
[Webpacker] Everything's up-to-date. Nothing to do
  Rendered layout layouts/application.html.erb (Duration: 7.8ms | Allocations: 5421)
Completed 200 OK in 9ms (Views: 8.2ms | ActiveRecord: 0.0ms | Allocations: 5867)


Started GET "/" for ::1 at 2021-02-24 08:47:58 -0600
  [1m[35m (2.4ms)[0m  [1m[34mSELECT "schema_migrations"."version" FROM "schema_migrations" ORDER BY "schema_migrations"."version" ASC[0m
Processing by HomepageController#index as HTML
  Rendering layout layouts/application.html.erb
  Rendering homepage/index.html.erb within layouts/application
  Rendered homepage/index.html.erb within layouts/application (Duration: 0.6ms | Allocations: 276)
[Webpacker] Everything's up-to-date. Nothing to do
[Webpacker] Everything's up-to-date. Nothing to do
  Rendered layout layouts/application.html.erb (Duration: 15.5ms | Allocations: 7917)
Completed 200 OK in 30ms (Views: 22.9ms | ActiveRecord: 0.0ms | Allocations: 10980)


Started GET "/api/v1/events/index" for ::1 at 2021-02-24 08:47:59 -0600
Processing by Api::V1::EventsController#index as */*
  [1m[36mEvent Load (0.9ms)[0m  [1m[34mSELECT "events".* FROM "events" ORDER BY "events"."created_at" DESC[0m
  ↳ app/controllers/api/v1/events_controller.rb:4:in `index'
Completed 200 OK in 21ms (Views: 9.3ms | ActiveRecord: 5.0ms | Allocations: 11403)


Started GET "/" for ::1 at 2021-02-24 08:48:01 -0600
Processing by HomepageController#index as HTML
  Rendering layout layouts/application.html.erb
  Rendering homepage/index.html.erb within layouts/application
  Rendered homepage/index.html.erb within layouts/application (Duration: 0.1ms | Allocations: 36)
[Webpacker] Everything's up-to-date. Nothing to do
[Webpacker] Everything's up-to-date. Nothing to do
  Rendered layout layouts/application.html.erb (Duration: 10.1ms | Allocations: 5421)
Completed 200 OK in 11ms (Views: 10.6ms | ActiveRecord: 0.0ms | Allocations: 5871)


Started GET "/" for ::1 at 2021-02-24 08:48:04 -0600
Processing by HomepageController#index as HTML
  Rendering layout layouts/application.html.erb
  Rendering homepage/index.html.erb within layouts/application
  Rendered homepage/index.html.erb within layouts/application (Duration: 0.1ms | Allocations: 36)
[Webpacker] Everything's up-to-date. Nothing to do
[Webpacker] Everything's up-to-date. Nothing to do
  Rendered layout layouts/application.html.erb (Duration: 8.1ms | Allocations: 5421)
Completed 200 OK in 9ms (Views: 8.4ms | ActiveRecord: 0.0ms | Allocations: 5863)


Started GET "/" for ::1 at 2021-02-24 10:17:45 -0600
  [1m[35m (5.5ms)[0m  [1m[34mSELECT "schema_migrations"."version" FROM "schema_migrations" ORDER BY "schema_migrations"."version" ASC[0m
Processing by HomepageController#index as HTML
  Rendering layout layouts/application.html.erb
  Rendering homepage/index.html.erb within layouts/application
  Rendered homepage/index.html.erb within layouts/application (Duration: 1.1ms | Allocations: 276)
[Webpacker] Compiling...
[Webpacker] Compiled all packs in /Users/reomatsuda/MSCFISHProgramAssistant/public/packs
[Webpacker] Hash: 153302ea8a1a1345e8e3
Version: webpack 4.46.0
Time: 6426ms
Built at: 02/24/2021 10:17:53 AM
                                     Asset       Size       Chunks                         Chunk Names
          js/Index-96610895c31f0d4e30de.js   2.67 MiB        Index  [emitted] [immutable]  Index
      js/Index-96610895c31f0d4e30de.js.map   2.92 MiB        Index  [emitted] [dev]        Index
    js/application-b43fa54005da8e229d8c.js    125 KiB  application  [emitted] [immutable]  application
js/application-b43fa54005da8e229d8c.js.map    139 KiB  application  [emitted] [dev]        application
                             manifest.json  661 bytes               [emitted]              
Entrypoint application = js/application-b43fa54005da8e229d8c.js js/application-b43fa54005da8e229d8c.js.map
Entrypoint Index = js/Index-96610895c31f0d4e30de.js js/Index-96610895c31f0d4e30de.js.map
[./app/javascript/channels sync recursive _channel\.js$] ./app/javascript/channels sync _channel\.js$ 160 bytes {application} [built]
[./app/javascript/channels/index.js] 211 bytes {application} [built]
[./app/javascript/packs/Index.jsx] 659 bytes {Index} [built]
[./app/javascript/packs/application.js] 492 bytes {application} [built]
[./app/javascript/routes/Index.jsx] 1.72 KiB {Index} [built]
[./node_modules/webpack/buildin/global.js] (webpack)/buildin/global.js 905 bytes {Index} [built]
[./node_modules/webpack/buildin/module.js] (webpack)/buildin/module.js 552 bytes {application} {Index} [built]
    + 49 hidden modules

[Webpacker] Everything's up-to-date. Nothing to do
  Rendered layout layouts/application.html.erb (Duration: 8513.8ms | Allocations: 9216)
Completed 200 OK in 8524ms (Views: 8518.0ms | ActiveRecord: 0.0ms | Allocations: 12377)


Started GET "/api/v1/events/index" for ::1 at 2021-02-24 10:17:56 -0600
Processing by Api::V1::EventsController#index as */*
  [1m[36mEvent Load (1.3ms)[0m  [1m[34mSELECT "events".* FROM "events" ORDER BY "events"."created_at" DESC[0m
  ↳ app/controllers/api/v1/events_controller.rb:4:in `index'
Completed 200 OK in 28ms (Views: 11.7ms | ActiveRecord: 7.5ms | Allocations: 11374)


Started GET "/" for ::1 at 2021-02-24 10:17:57 -0600
Processing by HomepageController#index as HTML
  Rendering layout layouts/application.html.erb
  Rendering homepage/index.html.erb within layouts/application
  Rendered homepage/index.html.erb within layouts/application (Duration: 0.1ms | Allocations: 36)
[Webpacker] Everything's up-to-date. Nothing to do
[Webpacker] Everything's up-to-date. Nothing to do
  Rendered layout layouts/application.html.erb (Duration: 12.2ms | Allocations: 5421)
Completed 200 OK in 13ms (Views: 12.8ms | ActiveRecord: 0.0ms | Allocations: 5872)


Started GET "/" for ::1 at 2021-02-24 10:32:48 -0600
  [1m[35m (1.1ms)[0m  [1m[34mSELECT "schema_migrations"."version" FROM "schema_migrations" ORDER BY "schema_migrations"."version" ASC[0m
Processing by HomepageController#index as HTML
  Rendering layout layouts/application.html.erb
  Rendering homepage/index.html.erb within layouts/application
  Rendered homepage/index.html.erb within layouts/application (Duration: 0.5ms | Allocations: 276)
[Webpacker] Compiling...
[Webpacker] Compiled all packs in /Users/reomatsuda/MSCFISHProgramAssistant/public/packs
[Webpacker] Hash: 153302ea8a1a1345e8e3
Version: webpack 4.46.0
Time: 1939ms
Built at: 02/24/2021 10:32:51 AM
                                     Asset       Size       Chunks                         Chunk Names
          js/Index-96610895c31f0d4e30de.js   2.67 MiB        Index  [emitted] [immutable]  Index
      js/Index-96610895c31f0d4e30de.js.map   2.92 MiB        Index  [emitted] [dev]        Index
    js/application-b43fa54005da8e229d8c.js    125 KiB  application  [emitted] [immutable]  application
js/application-b43fa54005da8e229d8c.js.map    139 KiB  application  [emitted] [dev]        application
                             manifest.json  661 bytes               [emitted]              
Entrypoint application = js/application-b43fa54005da8e229d8c.js js/application-b43fa54005da8e229d8c.js.map
Entrypoint Index = js/Index-96610895c31f0d4e30de.js js/Index-96610895c31f0d4e30de.js.map
[./app/javascript/channels sync recursive _channel\.js$] ./app/javascript/channels sync _channel\.js$ 160 bytes {application} [built]
[./app/javascript/channels/index.js] 211 bytes {application} [built]
[./app/javascript/packs/Index.jsx] 659 bytes {Index} [built]
[./app/javascript/packs/application.js] 492 bytes {application} [built]
[./app/javascript/routes/Index.jsx] 1.72 KiB {Index} [built]
[./node_modules/webpack/buildin/global.js] (webpack)/buildin/global.js 905 bytes {Index} [built]
[./node_modules/webpack/buildin/module.js] (webpack)/buildin/module.js 552 bytes {application} {Index} [built]
    + 49 hidden modules

[Webpacker] Everything's up-to-date. Nothing to do
  Rendered layout layouts/application.html.erb (Duration: 3002.2ms | Allocations: 9206)
Completed 200 OK in 3011ms (Views: 3005.0ms | ActiveRecord: 0.0ms | Allocations: 12366)


Started GET "/api/v1/events/index" for ::1 at 2021-02-24 10:32:53 -0600
Processing by Api::V1::EventsController#index as */*
  [1m[36mEvent Load (1.4ms)[0m  [1m[34mSELECT "events".* FROM "events" ORDER BY "events"."created_at" DESC[0m
  ↳ app/controllers/api/v1/events_controller.rb:4:in `index'
Completed 200 OK in 28ms (Views: 11.9ms | ActiveRecord: 7.7ms | Allocations: 11374)


Started GET "/" for ::1 at 2021-02-24 10:32:54 -0600
Processing by HomepageController#index as HTML
  Rendering layout layouts/application.html.erb
  Rendering homepage/index.html.erb within layouts/application
  Rendered homepage/index.html.erb within layouts/application (Duration: 0.1ms | Allocations: 36)
[Webpacker] Everything's up-to-date. Nothing to do
[Webpacker] Everything's up-to-date. Nothing to do
  Rendered layout layouts/application.html.erb (Duration: 9.9ms | Allocations: 5428)
Completed 200 OK in 11ms (Views: 10.3ms | ActiveRecord: 0.0ms | Allocations: 5879)


Started GET "/" for ::1 at 2021-02-24 10:32:55 -0600
Processing by HomepageController#index as HTML
  Rendering layout layouts/application.html.erb
  Rendering homepage/index.html.erb within layouts/application
  Rendered homepage/index.html.erb within layouts/application (Duration: 0.1ms | Allocations: 36)
[Webpacker] Everything's up-to-date. Nothing to do
[Webpacker] Everything's up-to-date. Nothing to do
  Rendered layout layouts/application.html.erb (Duration: 9.4ms | Allocations: 5428)
Completed 200 OK in 10ms (Views: 9.8ms | ActiveRecord: 0.0ms | Allocations: 5873)


Started GET "/" for 127.0.0.1 at 2021-02-24 10:57:23 -0600
  [1m[35m (0.8ms)[0m  [1m[34mSELECT "schema_migrations"."version" FROM "schema_migrations" ORDER BY "schema_migrations"."version" ASC[0m
Processing by HomepageController#index as HTML
  Rendering layout layouts/application.html.erb
  Rendering homepage/index.html.erb within layouts/application
  Rendered homepage/index.html.erb within layouts/application (Duration: 0.5ms | Allocations: 276)
[Webpacker] Compiling...
[Webpacker] Compiled all packs in /Users/reomatsuda/MSCFISHProgramAssistant/public/packs
[Webpacker] Hash: 153302ea8a1a1345e8e3
Version: webpack 4.46.0
Time: 1902ms
Built at: 02/24/2021 10:57:26 AM
                                     Asset       Size       Chunks                         Chunk Names
          js/Index-96610895c31f0d4e30de.js   2.67 MiB        Index  [emitted] [immutable]  Index
      js/Index-96610895c31f0d4e30de.js.map   2.92 MiB        Index  [emitted] [dev]        Index
    js/application-b43fa54005da8e229d8c.js    125 KiB  application  [emitted] [immutable]  application
js/application-b43fa54005da8e229d8c.js.map    139 KiB  application  [emitted] [dev]        application
                             manifest.json  661 bytes               [emitted]              
Entrypoint application = js/application-b43fa54005da8e229d8c.js js/application-b43fa54005da8e229d8c.js.map
Entrypoint Index = js/Index-96610895c31f0d4e30de.js js/Index-96610895c31f0d4e30de.js.map
[./app/javascript/channels sync recursive _channel\.js$] ./app/javascript/channels sync _channel\.js$ 160 bytes {application} [built]
[./app/javascript/channels/index.js] 211 bytes {application} [built]
[./app/javascript/packs/Index.jsx] 659 bytes {Index} [built]
[./app/javascript/packs/application.js] 492 bytes {application} [built]
[./app/javascript/routes/Index.jsx] 1.72 KiB {Index} [built]
[./node_modules/webpack/buildin/global.js] (webpack)/buildin/global.js 905 bytes {Index} [built]
[./node_modules/webpack/buildin/module.js] (webpack)/buildin/module.js 552 bytes {application} {Index} [built]
    + 49 hidden modules

[Webpacker] Everything's up-to-date. Nothing to do
  Rendered layout layouts/application.html.erb (Duration: 2961.7ms | Allocations: 9158)
Completed 200 OK in 2989ms (Views: 2978.3ms | ActiveRecord: 0.0ms | Allocations: 12290)


Started GET "/api/v1/events/index" for 127.0.0.1 at 2021-02-24 10:57:28 -0600
Processing by Api::V1::EventsController#index as */*
  [1m[36mEvent Load (1.2ms)[0m  [1m[34mSELECT "events".* FROM "events" ORDER BY "events"."created_at" DESC[0m
  ↳ app/controllers/api/v1/events_controller.rb:4:in `index'
Completed 200 OK in 25ms (Views: 9.9ms | ActiveRecord: 6.2ms | Allocations: 11366)


Started GET "/" for 127.0.0.1 at 2021-02-24 10:57:29 -0600
Processing by HomepageController#index as HTML
  Rendering layout layouts/application.html.erb
  Rendering homepage/index.html.erb within layouts/application
  Rendered homepage/index.html.erb within layouts/application (Duration: 0.1ms | Allocations: 36)
[Webpacker] Everything's up-to-date. Nothing to do
[Webpacker] Everything's up-to-date. Nothing to do
  Rendered layout layouts/application.html.erb (Duration: 9.6ms | Allocations: 5378)
Completed 200 OK in 11ms (Views: 10.0ms | ActiveRecord: 0.0ms | Allocations: 5802)


Started GET "/" for 127.0.0.1 at 2021-02-24 10:59:11 -0600
  [1m[35m (0.7ms)[0m  [1m[34mSELECT "schema_migrations"."version" FROM "schema_migrations" ORDER BY "schema_migrations"."version" ASC[0m
Processing by HomepageController#index as HTML
  Rendering layout layouts/application.html.erb
  Rendering homepage/index.html.erb within layouts/application
  Rendered homepage/index.html.erb within layouts/application (Duration: 4.6ms | Allocations: 276)
[Webpacker] Everything's up-to-date. Nothing to do
[Webpacker] Everything's up-to-date. Nothing to do
  Rendered layout layouts/application.html.erb (Duration: 34.8ms | Allocations: 7846)
Completed 200 OK in 56ms (Views: 45.2ms | ActiveRecord: 0.0ms | Allocations: 10980)


Started GET "/api/v1/events/index" for 127.0.0.1 at 2021-02-24 10:59:13 -0600
Processing by Api::V1::EventsController#index as */*
  [1m[36mEvent Load (1.2ms)[0m  [1m[34mSELECT "events".* FROM "events" ORDER BY "events"."created_at" DESC[0m
  ↳ app/controllers/api/v1/events_controller.rb:4:in `index'
Completed 200 OK in 25ms (Views: 8.8ms | ActiveRecord: 6.9ms | Allocations: 11366)


Started GET "/api/v1/events/show/19" for 127.0.0.1 at 2021-02-24 10:59:14 -0600
Processing by Api::V1::EventsController#show as */*
  Parameters: {"id"=>"19"}
  [1m[36mEvent Load (0.8ms)[0m  [1m[34mSELECT "events".* FROM "events" WHERE "events"."id" = $1 LIMIT $2[0m  [["id", 19], ["LIMIT", 1]]
  ↳ app/controllers/api/v1/events_controller.rb:36:in `event'
Completed 200 OK in 11ms (Views: 0.7ms | ActiveRecord: 1.4ms | Allocations: 2157)


Started GET "/api/v1/events/index" for 127.0.0.1 at 2021-02-24 10:59:15 -0600
Processing by Api::V1::EventsController#index as */*
  [1m[36mEvent Load (0.9ms)[0m  [1m[34mSELECT "events".* FROM "events" ORDER BY "events"."created_at" DESC[0m
  ↳ app/controllers/api/v1/events_controller.rb:4:in `index'
Completed 200 OK in 6ms (Views: 3.9ms | ActiveRecord: 0.9ms | Allocations: 3456)


Started POST "/api/v1/events/create" for 127.0.0.1 at 2021-02-24 10:59:31 -0600
Processing by Api::V1::EventsController#create as */*
  Parameters: {"name"=>"Ahiwdao", "max_size"=>"1", "tickets_sold"=>"1", "num_checked_in"=>"1", "date"=>"12/10/2001", "description"=>"dawfrge", "event"=>{"name"=>"Ahiwdao", "max_size"=>"1", "tickets_sold"=>"1", "num_checked_in"=>"1", "date"=>"12/10/2001", "description"=>"dawfrge"}}
[31mUnpermitted parameter: :event[0m
  [1m[36mTRANSACTION (0.6ms)[0m  [1m[35mBEGIN[0m
  ↳ app/controllers/api/v1/events_controller.rb:8:in `create'
  [1m[36mEvent Create (3.1ms)[0m  [1m[32mINSERT INTO "events" ("name", "max_size", "tickets_sold", "num_checked_in", "date", "description", "created_at", "updated_at") VALUES ($1, $2, $3, $4, $5, $6, $7, $8) RETURNING "id"[0m  [["name", "Ahiwdao"], ["max_size", 1], ["tickets_sold", 1], ["num_checked_in", 1], ["date", "2001-10-12 00:00:00"], ["description", "dawfrge"], ["created_at", "2021-02-24 16:59:31.350229"], ["updated_at", "2021-02-24 16:59:31.350229"]]
  ↳ app/controllers/api/v1/events_controller.rb:8:in `create'
  [1m[36mTRANSACTION (1.8ms)[0m  [1m[35mCOMMIT[0m
  ↳ app/controllers/api/v1/events_controller.rb:8:in `create'
Completed 200 OK in 10ms (Views: 0.3ms | ActiveRecord: 5.5ms | Allocations: 3580)


Started GET "/api/v1/events/show/20" for 127.0.0.1 at 2021-02-24 10:59:31 -0600
Processing by Api::V1::EventsController#show as */*
  Parameters: {"id"=>"20"}
  [1m[36mEvent Load (0.6ms)[0m  [1m[34mSELECT "events".* FROM "events" WHERE "events"."id" = $1 LIMIT $2[0m  [["id", 20], ["LIMIT", 1]]
  ↳ app/controllers/api/v1/events_controller.rb:36:in `event'
Completed 200 OK in 3ms (Views: 0.4ms | ActiveRecord: 0.6ms | Allocations: 1087)


Started GET "/api/v1/events/index" for 127.0.0.1 at 2021-02-24 10:59:36 -0600
Processing by Api::V1::EventsController#index as */*
  [1m[36mEvent Load (0.8ms)[0m  [1m[34mSELECT "events".* FROM "events" ORDER BY "events"."created_at" DESC[0m
  ↳ app/controllers/api/v1/events_controller.rb:4:in `index'
Completed 200 OK in 6ms (Views: 3.9ms | ActiveRecord: 0.8ms | Allocations: 3570)


Started GET "/api/v1/events/show/20" for 127.0.0.1 at 2021-02-24 10:59:38 -0600
Processing by Api::V1::EventsController#show as */*
  Parameters: {"id"=>"20"}
  [1m[36mEvent Load (0.7ms)[0m  [1m[34mSELECT "events".* FROM "events" WHERE "events"."id" = $1 LIMIT $2[0m  [["id", 20], ["LIMIT", 1]]
  ↳ app/controllers/api/v1/events_controller.rb:36:in `event'
Completed 200 OK in 3ms (Views: 0.4ms | ActiveRecord: 0.7ms | Allocations: 1088)


Started GET "/api/v1/events/index" for 127.0.0.1 at 2021-02-24 10:59:39 -0600
Processing by Api::V1::EventsController#index as */*
  [1m[36mEvent Load (0.8ms)[0m  [1m[34mSELECT "events".* FROM "events" ORDER BY "events"."created_at" DESC[0m
  ↳ app/controllers/api/v1/events_controller.rb:4:in `index'
Completed 200 OK in 6ms (Views: 4.2ms | ActiveRecord: 0.8ms | Allocations: 3570)


Started GET "/api/v1/announcements/index" for 127.0.0.1 at 2021-02-24 10:59:45 -0600
Processing by Api::V1::AnnouncementsController#index as */*
  [1m[36mAnnouncement Load (2.5ms)[0m  [1m[34mSELECT "announcements".* FROM "announcements" ORDER BY "announcements"."created_at" DESC[0m
  ↳ app/controllers/api/v1/announcements_controller.rb:4:in `index'
Completed 200 OK in 21ms (Views: 6.2ms | ActiveRecord: 6.0ms | Allocations: 6972)


Started GET "/api/v1/announcements/index" for 127.0.0.1 at 2021-02-24 10:59:48 -0600
Processing by Api::V1::AnnouncementsController#index as */*
  [1m[36mAnnouncement Load (0.8ms)[0m  [1m[34mSELECT "announcements".* FROM "announcements" ORDER BY "announcements"."created_at" DESC[0m
  ↳ app/controllers/api/v1/announcements_controller.rb:4:in `index'
Completed 200 OK in 4ms (Views: 2.1ms | ActiveRecord: 0.8ms | Allocations: 2131)


Started GET "/" for ::1 at 2021-02-28 18:53:31 -0600
  [1m[35m (5.1ms)[0m  [1m[34mSELECT "schema_migrations"."version" FROM "schema_migrations" ORDER BY "schema_migrations"."version" ASC[0m
Processing by HomepageController#index as HTML
  Rendering layout layouts/application.html.erb
  Rendering homepage/index.html.erb within layouts/application
  Rendered homepage/index.html.erb within layouts/application (Duration: 0.7ms | Allocations: 276)
[Webpacker] Everything's up-to-date. Nothing to do
[Webpacker] Everything's up-to-date. Nothing to do
  Rendered layout layouts/application.html.erb (Duration: 22.9ms | Allocations: 7885)
Completed 200 OK in 35ms (Views: 26.9ms | ActiveRecord: 0.0ms | Allocations: 11046)


Started GET "/api/v1/events/index" for ::1 at 2021-02-28 18:53:33 -0600
Processing by Api::V1::EventsController#index as */*
  [1m[36mEvent Load (2.0ms)[0m  [1m[34mSELECT "events".* FROM "events" ORDER BY "events"."created_at" DESC[0m
  ↳ app/controllers/api/v1/events_controller.rb:4:in `index'
Completed 200 OK in 30ms (Views: 8.0ms | ActiveRecord: 15.5ms | Allocations: 11601)


Started GET "/" for ::1 at 2021-02-28 18:53:33 -0600
Processing by HomepageController#index as HTML
  Rendering layout layouts/application.html.erb
  Rendering homepage/index.html.erb within layouts/application
  Rendered homepage/index.html.erb within layouts/application (Duration: 0.1ms | Allocations: 36)
[Webpacker] Everything's up-to-date. Nothing to do
[Webpacker] Everything's up-to-date. Nothing to do
  Rendered layout layouts/application.html.erb (Duration: 10.3ms | Allocations: 6059)
Completed 200 OK in 11ms (Views: 10.8ms | ActiveRecord: 0.0ms | Allocations: 6510)


Started GET "/" for 127.0.0.1 at 2021-02-28 18:53:42 -0600
  [1m[35m (0.7ms)[0m  [1m[34mSELECT "schema_migrations"."version" FROM "schema_migrations" ORDER BY "schema_migrations"."version" ASC[0m
Processing by HomepageController#index as HTML
  Rendering layout layouts/application.html.erb
  Rendering homepage/index.html.erb within layouts/application
  Rendered homepage/index.html.erb within layouts/application (Duration: 4.7ms | Allocations: 276)
[Webpacker] Everything's up-to-date. Nothing to do
[Webpacker] Everything's up-to-date. Nothing to do
  Rendered layout layouts/application.html.erb (Duration: 33.4ms | Allocations: 7846)
Completed 200 OK in 57ms (Views: 43.1ms | ActiveRecord: 0.0ms | Allocations: 10978)


Started GET "/api/v1/events/index" for 127.0.0.1 at 2021-02-28 18:53:44 -0600
Processing by Api::V1::EventsController#index as */*
  [1m[36mEvent Load (1.0ms)[0m  [1m[34mSELECT "events".* FROM "events" ORDER BY "events"."created_at" DESC[0m
  ↳ app/controllers/api/v1/events_controller.rb:4:in `index'
Completed 200 OK in 20ms (Views: 8.6ms | ActiveRecord: 5.4ms | Allocations: 11575)


Started GET "/" for 127.0.0.1 at 2021-03-01 00:02:09 -0600
  [1m[35m (5.9ms)[0m  [1m[34mSELECT "schema_migrations"."version" FROM "schema_migrations" ORDER BY "schema_migrations"."version" ASC[0m
Processing by HomepageController#index as HTML
  Rendering layout layouts/application.html.erb
  Rendering homepage/index.html.erb within layouts/application
  Rendered homepage/index.html.erb within layouts/application (Duration: 0.7ms | Allocations: 277)
[Webpacker] Everything's up-to-date. Nothing to do
[Webpacker] Everything's up-to-date. Nothing to do
  Rendered layout layouts/application.html.erb (Duration: 69.7ms | Allocations: 7196)
Completed 200 OK in 100ms (Views: 86.1ms | ActiveRecord: 0.0ms | Allocations: 10246)


Started GET "/api/v1/announcements/index" for 127.0.0.1 at 2021-03-01 00:02:12 -0600
Processing by Api::V1::AnnouncementsController#index as */*
  [1m[36mAnnouncement Load (1.3ms)[0m  [1m[34mSELECT "announcements".* FROM "announcements" ORDER BY "announcements"."created_at" DESC[0m
  ↳ app/controllers/api/v1/announcements_controller.rb:4:in `index'
Completed 200 OK in 61ms (Views: 21.7ms | ActiveRecord: 15.5ms | Allocations: 8057)


Started GET "/'" for 127.0.0.1 at 2021-03-01 00:06:07 -0600
  [1m[35m (0.8ms)[0m  [1m[34mSELECT "schema_migrations"."version" FROM "schema_migrations" ORDER BY "schema_migrations"."version" ASC[0m
Processing by HomepageController#index as HTML
  Parameters: {"path"=>"'"}
  Rendering layout layouts/application.html.erb
  Rendering homepage/index.html.erb within layouts/application
  Rendered homepage/index.html.erb within layouts/application (Duration: 0.7ms | Allocations: 276)
[Webpacker] Everything's up-to-date. Nothing to do
[Webpacker] Everything's up-to-date. Nothing to do
  Rendered layout layouts/application.html.erb (Duration: 60.4ms | Allocations: 6826)
Completed 200 OK in 93ms (Views: 85.9ms | ActiveRecord: 0.0ms | Allocations: 9974)


Started GET "/" for 127.0.0.1 at 2021-03-01 00:06:09 -0600
Processing by HomepageController#index as HTML
  Rendering layout layouts/application.html.erb
  Rendering homepage/index.html.erb within layouts/application
  Rendered homepage/index.html.erb within layouts/application (Duration: 0.2ms | Allocations: 37)
[Webpacker] Everything's up-to-date. Nothing to do
[Webpacker] Everything's up-to-date. Nothing to do
  Rendered layout layouts/application.html.erb (Duration: 20.3ms | Allocations: 4371)
Completed 200 OK in 27ms (Views: 25.6ms | ActiveRecord: 0.0ms | Allocations: 4819)


Started GET "/api/v1/events/index" for 127.0.0.1 at 2021-03-01 00:06:11 -0600
Processing by Api::V1::EventsController#index as */*
  [1m[36mEvent Load (7.7ms)[0m  [1m[34mSELECT "events".* FROM "events" ORDER BY "events"."created_at" DESC[0m
  ↳ app/controllers/api/v1/events_controller.rb:4:in `index'
Completed 200 OK in 65ms (Views: 9.9ms | ActiveRecord: 26.3ms | Allocations: 10212)


Started GET "/api/v1/events/index" for 127.0.0.1 at 2021-03-01 00:06:17 -0600
Processing by Api::V1::EventsController#index as */*
  [1m[36mEvent Load (11.8ms)[0m  [1m[34mSELECT "events".* FROM "events" ORDER BY "events"."created_at" DESC[0m
  ↳ app/controllers/api/v1/events_controller.rb:4:in `index'
Completed 200 OK in 20ms (Views: 5.1ms | ActiveRecord: 11.8ms | Allocations: 2303)


Started GET "/" for 127.0.0.1 at 2021-03-01 00:06:57 -0600
Processing by HomepageController#index as HTML
  Rendering layout layouts/application.html.erb
  Rendering homepage/index.html.erb within layouts/application
  Rendered homepage/index.html.erb within layouts/application (Duration: 0.1ms | Allocations: 37)
[Webpacker] Everything's up-to-date. Nothing to do
[Webpacker] Everything's up-to-date. Nothing to do
  Rendered layout layouts/application.html.erb (Duration: 22.8ms | Allocations: 4392)
Completed 200 OK in 26ms (Views: 25.0ms | ActiveRecord: 0.0ms | Allocations: 4780)


Started GET "/" for ::1 at 2021-03-01 02:59:49 -0600
  [1m[35m (5.1ms)[0m  [1m[34mSELECT "schema_migrations"."version" FROM "schema_migrations" ORDER BY "schema_migrations"."version" ASC[0m
Processing by HomepageController#index as HTML
  Rendering layout layouts/application.html.erb
  Rendering homepage/index.html.erb within layouts/application
  Rendered homepage/index.html.erb within layouts/application (Duration: 3.1ms | Allocations: 380)
[Webpacker] Compiling...
Started GET "/" for ::1 at 2021-03-01 03:00:04 -0600
Processing by HomepageController#index as HTML
  Rendering layout layouts/application.html.erb
  Rendering homepage/index.html.erb within layouts/application
  Rendered homepage/index.html.erb within layouts/application (Duration: 0.2ms | Allocations: 36)
[Webpacker] Compiling...
[Webpacker] Compiled all packs in /home/zsum19/MSCFISHProgramAssistant/public/packs
[Webpacker] Hash: 1d43e4ad67069f4831d6
Version: webpack 4.46.0
Time: 4830ms
Built at: 03/01/2021 3:00:10 AM
                                     Asset       Size       Chunks                         Chunk Names
          js/Index-5d7fe781bcd1b2cd44b5.js   2.69 MiB        Index  [emitted] [immutable]  Index
      js/Index-5d7fe781bcd1b2cd44b5.js.map   2.93 MiB        Index  [emitted] [dev]        Index
    js/application-b43fa54005da8e229d8c.js    125 KiB  application  [emitted] [immutable]  application
js/application-b43fa54005da8e229d8c.js.map    139 KiB  application  [emitted] [dev]        application
                             manifest.json  661 bytes               [emitted]              
Entrypoint application = js/application-b43fa54005da8e229d8c.js js/application-b43fa54005da8e229d8c.js.map
Entrypoint Index = js/Index-5d7fe781bcd1b2cd44b5.js js/Index-5d7fe781bcd1b2cd44b5.js.map
[./app/javascript/channels sync recursive _channel\.js$] ./app/javascript/channels sync _channel\.js$ 160 bytes {application} [built]
[./app/javascript/channels/index.js] 211 bytes {application} [built]
[./app/javascript/packs/Index.jsx] 654 bytes {Index} [built]
[./app/javascript/packs/application.js] 492 bytes {application} [built]
[./app/javascript/routes/Index.jsx] 2.25 KiB {Index} [built]
[./node_modules/webpack/buildin/global.js] (webpack)/buildin/global.js 905 bytes {Index} [built]
[./node_modules/webpack/buildin/module.js] (webpack)/buildin/module.js 552 bytes {application} {Index} [built]
    + 51 hidden modules

[Webpacker] Everything's up-to-date. Nothing to do
  Rendered layout layouts/application.html.erb (Duration: 6796.6ms | Allocations: 5609)
Completed 200 OK in 6803ms (Views: 6798.6ms | ActiveRecord: 0.0ms | Allocations: 8694)


[Webpacker] Compiled all packs in /home/zsum19/MSCFISHProgramAssistant/public/packs
[Webpacker] Hash: 1d43e4ad67069f4831d6
Version: webpack 4.46.0
Time: 16372ms
Built at: 03/01/2021 3:00:10 AM
                                     Asset       Size       Chunks                         Chunk Names
          js/Index-5d7fe781bcd1b2cd44b5.js   2.69 MiB        Index  [emitted] [immutable]  Index
      js/Index-5d7fe781bcd1b2cd44b5.js.map   2.93 MiB        Index  [emitted] [dev]        Index
    js/application-b43fa54005da8e229d8c.js    125 KiB  application  [emitted] [immutable]  application
js/application-b43fa54005da8e229d8c.js.map    139 KiB  application  [emitted] [dev]        application
                             manifest.json  661 bytes               [emitted]              
Entrypoint application = js/application-b43fa54005da8e229d8c.js js/application-b43fa54005da8e229d8c.js.map
Entrypoint Index = js/Index-5d7fe781bcd1b2cd44b5.js js/Index-5d7fe781bcd1b2cd44b5.js.map
[./app/javascript/channels sync recursive _channel\.js$] ./app/javascript/channels sync _channel\.js$ 160 bytes {application} [built]
[./app/javascript/channels/index.js] 211 bytes {application} [built]
[./app/javascript/packs/Index.jsx] 654 bytes {Index} [built]
[./app/javascript/packs/application.js] 492 bytes {application} [built]
[./app/javascript/routes/Index.jsx] 2.25 KiB {Index} [built]
[./node_modules/webpack/buildin/global.js] (webpack)/buildin/global.js 905 bytes {Index} [built]
[./node_modules/webpack/buildin/module.js] (webpack)/buildin/module.js 552 bytes {application} {Index} [built]
    + 51 hidden modules

[Webpacker] Everything's up-to-date. Nothing to do
  Rendered layout layouts/application.html.erb (Duration: 21017.1ms | Allocations: 27436)
Completed 200 OK in 21069ms (Views: 21030.4ms | ActiveRecord: 0.0ms | Allocations: 34132)


Started GET "/" for ::1 at 2021-03-01 03:00:11 -0600
Processing by HomepageController#index as HTML
  Rendering layout layouts/application.html.erb
  Rendering homepage/index.html.erb within layouts/application
  Rendered homepage/index.html.erb within layouts/application (Duration: 0.2ms | Allocations: 36)
[Webpacker] Everything's up-to-date. Nothing to do
[Webpacker] Everything's up-to-date. Nothing to do
  Rendered layout layouts/application.html.erb (Duration: 47.1ms | Allocations: 4343)
Completed 200 OK in 55ms (Views: 51.1ms | ActiveRecord: 0.0ms | Allocations: 7381)


Started GET "/api/v1/announcements/index" for ::1 at 2021-03-01 03:27:19 -0600
Processing by Api::V1::AnnouncementsController#index as */*
  [1m[36mAnnouncement Load (6.6ms)[0m  [1m[34mSELECT "announcements".* FROM "announcements" ORDER BY "announcements"."created_at" DESC[0m
  ↳ app/controllers/api/v1/announcements_controller.rb:4:in `index'
Completed 200 OK in 188ms (Views: 30.2ms | ActiveRecord: 109.7ms | Allocations: 11296)


Started GET "/announcement?content=go" for ::1 at 2021-03-01 03:27:27 -0600
Processing by HomepageController#index as HTML
  Parameters: {"content"=>"go", "path"=>"announcement"}
  Rendering layout layouts/application.html.erb
  Rendering homepage/index.html.erb within layouts/application
  Rendered homepage/index.html.erb within layouts/application (Duration: 0.4ms | Allocations: 38)
[Webpacker] Compiling...
[Webpacker] Compilation failed:
Hash: 4e9379d863d581f69cd0
Version: webpack 4.46.0
Time: 5973ms
Built at: 03/01/2021 3:27:36 AM
                                     Asset       Size       Chunks                         Chunk Names
          js/Index-922a260375c62b9c7b5f.js    2.7 MiB        Index  [emitted] [immutable]  Index
      js/Index-922a260375c62b9c7b5f.js.map   2.93 MiB        Index  [emitted] [dev]        Index
    js/application-b43fa54005da8e229d8c.js    125 KiB  application  [emitted] [immutable]  application
js/application-b43fa54005da8e229d8c.js.map    139 KiB  application  [emitted] [dev]        application
                             manifest.json  661 bytes               [emitted]              
Entrypoint application = js/application-b43fa54005da8e229d8c.js js/application-b43fa54005da8e229d8c.js.map
Entrypoint Index = js/Index-922a260375c62b9c7b5f.js js/Index-922a260375c62b9c7b5f.js.map
[./app/javascript/channels sync recursive _channel\.js$] ./app/javascript/channels sync _channel\.js$ 160 bytes {application} [built]
[./app/javascript/channels/index.js] 211 bytes {application} [built]
[./app/javascript/packs/Index.jsx] 654 bytes {Index} [built]
[./app/javascript/packs/application.js] 492 bytes {application} [built]
[./app/javascript/routes/Index.jsx] 2.5 KiB {Index} [built]
[./node_modules/webpack/buildin/global.js] (webpack)/buildin/global.js 905 bytes {Index} [built]
[./node_modules/webpack/buildin/module.js] (webpack)/buildin/module.js 552 bytes {application} {Index} [built]
    + 52 hidden modules

ERROR in ./app/javascript/components/CheckIn.jsx
Module build failed (from ./node_modules/babel-loader/lib/index.js):
SyntaxError: /home/zsum19/MSCFISHProgramAssistant/app/javascript/components/CheckIn.jsx: Unexpected token (65:7)

  63 |     }
  64 |
> 65 | export default CheckIn;
     |        ^
    at Object._raise (/home/zsum19/MSCFISHProgramAssistant/node_modules/@babel/parser/lib/index.js:776:17)
    at Object.raiseWithData (/home/zsum19/MSCFISHProgramAssistant/node_modules/@babel/parser/lib/index.js:769:17)
    at Object.raise (/home/zsum19/MSCFISHProgramAssistant/node_modules/@babel/parser/lib/index.js:737:17)
    at Object.unexpected (/home/zsum19/MSCFISHProgramAssistant/node_modules/@babel/parser/lib/index.js:9675:16)
    at Object.parseClassMemberWithIsStatic (/home/zsum19/MSCFISHProgramAssistant/node_modules/@babel/parser/lib/index.js:13158:12)
    at Object.parseClassMember (/home/zsum19/MSCFISHProgramAssistant/node_modules/@babel/parser/lib/index.js:13051:10)
    at /home/zsum19/MSCFISHProgramAssistant/node_modules/@babel/parser/lib/index.js:12996:14
    at Object.withTopicForbiddingContext (/home/zsum19/MSCFISHProgramAssistant/node_modules/@babel/parser/lib/index.js:12012:14)
    at Object.parseClassBody (/home/zsum19/MSCFISHProgramAssistant/node_modules/@babel/parser/lib/index.js:12973:10)
    at Object.parseClass (/home/zsum19/MSCFISHProgramAssistant/node_modules/@babel/parser/lib/index.js:12946:22)
    at Object.parseStatementContent (/home/zsum19/MSCFISHProgramAssistant/node_modules/@babel/parser/lib/index.js:12237:21)
    at Object.parseStatement (/home/zsum19/MSCFISHProgramAssistant/node_modules/@babel/parser/lib/index.js:12195:17)
    at Object.parseBlockOrModuleBlockBody (/home/zsum19/MSCFISHProgramAssistant/node_modules/@babel/parser/lib/index.js:12777:25)
    at Object.parseBlockBody (/home/zsum19/MSCFISHProgramAssistant/node_modules/@babel/parser/lib/index.js:12768:10)
    at Object.parseProgram (/home/zsum19/MSCFISHProgramAssistant/node_modules/@babel/parser/lib/index.js:12129:10)
    at Object.parseTopLevel (/home/zsum19/MSCFISHProgramAssistant/node_modules/@babel/parser/lib/index.js:12120:25)
    at Object.parse (/home/zsum19/MSCFISHProgramAssistant/node_modules/@babel/parser/lib/index.js:13836:10)
    at parse (/home/zsum19/MSCFISHProgramAssistant/node_modules/@babel/parser/lib/index.js:13889:38)
    at parser (/home/zsum19/MSCFISHProgramAssistant/node_modules/@babel/core/lib/parser/index.js:54:34)
    at parser.next (<anonymous>)
    at normalizeFile (/home/zsum19/MSCFISHProgramAssistant/node_modules/@babel/core/lib/transformation/normalize-file.js:99:38)
    at normalizeFile.next (<anonymous>)
    at run (/home/zsum19/MSCFISHProgramAssistant/node_modules/@babel/core/lib/transformation/index.js:31:50)
    at run.next (<anonymous>)
    at Function.transform (/home/zsum19/MSCFISHProgramAssistant/node_modules/@babel/core/lib/transform.js:27:41)
    at transform.next (<anonymous>)
    at step (/home/zsum19/MSCFISHProgramAssistant/node_modules/gensync/index.js:261:32)
    at /home/zsum19/MSCFISHProgramAssistant/node_modules/gensync/index.js:273:13
    at async.call.result.err.err (/home/zsum19/MSCFISHProgramAssistant/node_modules/gensync/index.js:223:11)
 @ ./app/javascript/routes/Index.jsx 11:0-44 99:13-20
 @ ./app/javascript/components/App.jsx
 @ ./app/javascript/packs/Index.jsx

[Webpacker] Everything's up-to-date. Nothing to do
  Rendered layout layouts/application.html.erb (Duration: 8384.0ms | Allocations: 5637)
Completed 200 OK in 8389ms (Views: 8388.0ms | ActiveRecord: 0.0ms | Allocations: 6258)


Started GET "/announcement?content=go" for ::1 at 2021-03-01 03:27:49 -0600
Processing by HomepageController#index as HTML
  Parameters: {"content"=>"go", "path"=>"announcement"}
  Rendering layout layouts/application.html.erb
  Rendering homepage/index.html.erb within layouts/application
  Rendered homepage/index.html.erb within layouts/application (Duration: 0.3ms | Allocations: 36)
[Webpacker] Everything's up-to-date. Nothing to do
[Webpacker] Everything's up-to-date. Nothing to do
  Rendered layout layouts/application.html.erb (Duration: 31.1ms | Allocations: 4418)
Completed 200 OK in 37ms (Views: 34.7ms | ActiveRecord: 0.0ms | Allocations: 4859)


Started GET "/announcement" for ::1 at 2021-03-01 03:27:52 -0600
Processing by HomepageController#index as HTML
  Parameters: {"path"=>"announcement"}
  Rendering layout layouts/application.html.erb
  Rendering homepage/index.html.erb within layouts/application
  Rendered homepage/index.html.erb within layouts/application (Duration: 0.6ms | Allocations: 36)
[Webpacker] Everything's up-to-date. Nothing to do
[Webpacker] Everything's up-to-date. Nothing to do
  Rendered layout layouts/application.html.erb (Duration: 61.7ms | Allocations: 4411)
Completed 200 OK in 71ms (Views: 66.7ms | ActiveRecord: 0.0ms | Allocations: 4851)


Started GET "/announcement" for ::1 at 2021-03-01 03:27:55 -0600
Processing by HomepageController#index as HTML
  Parameters: {"path"=>"announcement"}
  Rendering layout layouts/application.html.erb
  Rendering homepage/index.html.erb within layouts/application
  Rendered homepage/index.html.erb within layouts/application (Duration: 0.1ms | Allocations: 36)
[Webpacker] Everything's up-to-date. Nothing to do
[Webpacker] Everything's up-to-date. Nothing to do
  Rendered layout layouts/application.html.erb (Duration: 8.1ms | Allocations: 4411)
Completed 200 OK in 13ms (Views: 9.9ms | ActiveRecord: 0.0ms | Allocations: 4851)


Started GET "/" for ::1 at 2021-03-01 03:27:58 -0600
Processing by HomepageController#index as HTML
  Rendering layout layouts/application.html.erb
  Rendering homepage/index.html.erb within layouts/application
  Rendered homepage/index.html.erb within layouts/application (Duration: 1.1ms | Allocations: 36)
[Webpacker] Everything's up-to-date. Nothing to do
[Webpacker] Everything's up-to-date. Nothing to do
  Rendered layout layouts/application.html.erb (Duration: 39.0ms | Allocations: 4976)
Completed 200 OK in 46ms (Views: 42.9ms | ActiveRecord: 0.0ms | Allocations: 5447)


Started GET "/" for ::1 at 2021-03-01 03:28:00 -0600
Processing by HomepageController#index as HTML
  Rendering layout layouts/application.html.erb
  Rendering homepage/index.html.erb within layouts/application
  Rendered homepage/index.html.erb within layouts/application (Duration: 0.5ms | Allocations: 36)
[Webpacker] Everything's up-to-date. Nothing to do
[Webpacker] Everything's up-to-date. Nothing to do
  Rendered layout layouts/application.html.erb (Duration: 48.6ms | Allocations: 4412)
Completed 200 OK in 53ms (Views: 50.7ms | ActiveRecord: 0.0ms | Allocations: 4856)


Started GET "/" for ::1 at 2021-03-01 03:36:44 -0600
Processing by HomepageController#index as HTML
  Rendering layout layouts/application.html.erb
  Rendering homepage/index.html.erb within layouts/application
  Rendered homepage/index.html.erb within layouts/application (Duration: 1.7ms | Allocations: 36)
[Webpacker] Compiling...
[Webpacker] Compilation failed:
Hash: 403f5809c1b6b793277b
Version: webpack 4.46.0
Time: 4401ms
Built at: 03/01/2021 3:36:52 AM
                                     Asset       Size       Chunks                         Chunk Names
          js/Index-a29fef46d4eef9bc01d9.js    2.7 MiB        Index  [emitted] [immutable]  Index
      js/Index-a29fef46d4eef9bc01d9.js.map   2.93 MiB        Index  [emitted] [dev]        Index
    js/application-b43fa54005da8e229d8c.js    125 KiB  application  [emitted] [immutable]  application
js/application-b43fa54005da8e229d8c.js.map    139 KiB  application  [emitted] [dev]        application
                             manifest.json  661 bytes               [emitted]              
Entrypoint application = js/application-b43fa54005da8e229d8c.js js/application-b43fa54005da8e229d8c.js.map
Entrypoint Index = js/Index-a29fef46d4eef9bc01d9.js js/Index-a29fef46d4eef9bc01d9.js.map
[./app/javascript/channels sync recursive _channel\.js$] ./app/javascript/channels sync _channel\.js$ 160 bytes {application} [built]
[./app/javascript/channels/index.js] 211 bytes {application} [built]
[./app/javascript/packs/Index.jsx] 654 bytes {Index} [built]
[./app/javascript/packs/application.js] 492 bytes {application} [built]
[./app/javascript/routes/Index.jsx] 2.5 KiB {Index} [built]
[./node_modules/webpack/buildin/global.js] (webpack)/buildin/global.js 905 bytes {Index} [built]
[./node_modules/webpack/buildin/module.js] (webpack)/buildin/module.js 552 bytes {application} {Index} [built]
    + 52 hidden modules

ERROR in ./app/javascript/components/CheckIn.jsx
Module build failed (from ./node_modules/babel-loader/lib/index.js):
SyntaxError: /home/zsum19/MSCFISHProgramAssistant/app/javascript/components/CheckIn.jsx: Unexpected token (63:7)

  61 |     }
  62 |
> 63 | export default CheckIn;
     |        ^
    at Object._raise (/home/zsum19/MSCFISHProgramAssistant/node_modules/@babel/parser/lib/index.js:776:17)
    at Object.raiseWithData (/home/zsum19/MSCFISHProgramAssistant/node_modules/@babel/parser/lib/index.js:769:17)
    at Object.raise (/home/zsum19/MSCFISHProgramAssistant/node_modules/@babel/parser/lib/index.js:737:17)
    at Object.unexpected (/home/zsum19/MSCFISHProgramAssistant/node_modules/@babel/parser/lib/index.js:9675:16)
    at Object.parseClassMemberWithIsStatic (/home/zsum19/MSCFISHProgramAssistant/node_modules/@babel/parser/lib/index.js:13158:12)
    at Object.parseClassMember (/home/zsum19/MSCFISHProgramAssistant/node_modules/@babel/parser/lib/index.js:13051:10)
    at /home/zsum19/MSCFISHProgramAssistant/node_modules/@babel/parser/lib/index.js:12996:14
    at Object.withTopicForbiddingContext (/home/zsum19/MSCFISHProgramAssistant/node_modules/@babel/parser/lib/index.js:12012:14)
    at Object.parseClassBody (/home/zsum19/MSCFISHProgramAssistant/node_modules/@babel/parser/lib/index.js:12973:10)
    at Object.parseClass (/home/zsum19/MSCFISHProgramAssistant/node_modules/@babel/parser/lib/index.js:12946:22)
    at Object.parseStatementContent (/home/zsum19/MSCFISHProgramAssistant/node_modules/@babel/parser/lib/index.js:12237:21)
    at Object.parseStatement (/home/zsum19/MSCFISHProgramAssistant/node_modules/@babel/parser/lib/index.js:12195:17)
    at Object.parseBlockOrModuleBlockBody (/home/zsum19/MSCFISHProgramAssistant/node_modules/@babel/parser/lib/index.js:12777:25)
    at Object.parseBlockBody (/home/zsum19/MSCFISHProgramAssistant/node_modules/@babel/parser/lib/index.js:12768:10)
    at Object.parseProgram (/home/zsum19/MSCFISHProgramAssistant/node_modules/@babel/parser/lib/index.js:12129:10)
    at Object.parseTopLevel (/home/zsum19/MSCFISHProgramAssistant/node_modules/@babel/parser/lib/index.js:12120:25)
    at Object.parse (/home/zsum19/MSCFISHProgramAssistant/node_modules/@babel/parser/lib/index.js:13836:10)
    at parse (/home/zsum19/MSCFISHProgramAssistant/node_modules/@babel/parser/lib/index.js:13889:38)
    at parser (/home/zsum19/MSCFISHProgramAssistant/node_modules/@babel/core/lib/parser/index.js:54:34)
    at parser.next (<anonymous>)
    at normalizeFile (/home/zsum19/MSCFISHProgramAssistant/node_modules/@babel/core/lib/transformation/normalize-file.js:99:38)
    at normalizeFile.next (<anonymous>)
    at run (/home/zsum19/MSCFISHProgramAssistant/node_modules/@babel/core/lib/transformation/index.js:31:50)
    at run.next (<anonymous>)
    at Function.transform (/home/zsum19/MSCFISHProgramAssistant/node_modules/@babel/core/lib/transform.js:27:41)
    at transform.next (<anonymous>)
    at step (/home/zsum19/MSCFISHProgramAssistant/node_modules/gensync/index.js:261:32)
    at /home/zsum19/MSCFISHProgramAssistant/node_modules/gensync/index.js:273:13
    at async.call.result.err.err (/home/zsum19/MSCFISHProgramAssistant/node_modules/gensync/index.js:223:11)
    at /home/zsum19/MSCFISHProgramAssistant/node_modules/gensync/index.js:189:28
 @ ./app/javascript/routes/Index.jsx 11:0-44 99:13-20
 @ ./app/javascript/components/App.jsx
 @ ./app/javascript/packs/Index.jsx

[Webpacker] Everything's up-to-date. Nothing to do
  Rendered layout layouts/application.html.erb (Duration: 7583.9ms | Allocations: 5566)
Completed 200 OK in 7591ms (Views: 7587.8ms | Allocations: 6003)


Started GET "/" for ::1 at 2021-03-01 03:37:08 -0600
Processing by HomepageController#index as HTML
  Rendering layout layouts/application.html.erb
  Rendering homepage/index.html.erb within layouts/application
  Rendered homepage/index.html.erb within layouts/application (Duration: 0.4ms | Allocations: 36)
[Webpacker] Everything's up-to-date. Nothing to do
[Webpacker] Everything's up-to-date. Nothing to do
  Rendered layout layouts/application.html.erb (Duration: 46.2ms | Allocations: 4411)
Completed 200 OK in 55ms (Views: 50.4ms | Allocations: 4848)


Started GET "/" for ::1 at 2021-03-01 03:37:35 -0600
Processing by HomepageController#index as HTML
  Rendering layout layouts/application.html.erb
  Rendering homepage/index.html.erb within layouts/application
  Rendered homepage/index.html.erb within layouts/application (Duration: 0.3ms | Allocations: 36)
[Webpacker] Compiling...
[Webpacker] Compiled all packs in /home/zsum19/MSCFISHProgramAssistant/public/packs
[Webpacker] Hash: 2c067923bff0327d3c8b
Version: webpack 4.46.0
Time: 7186ms
Built at: 03/01/2021 3:37:44 AM
                                     Asset       Size       Chunks                         Chunk Names
          js/Index-74bf423a090f8c3971d5.js   2.71 MiB        Index  [emitted] [immutable]  Index
      js/Index-74bf423a090f8c3971d5.js.map   2.94 MiB        Index  [emitted] [dev]        Index
    js/application-b43fa54005da8e229d8c.js    125 KiB  application  [emitted] [immutable]  application
js/application-b43fa54005da8e229d8c.js.map    139 KiB  application  [emitted] [dev]        application
                             manifest.json  661 bytes               [emitted]              
Entrypoint application = js/application-b43fa54005da8e229d8c.js js/application-b43fa54005da8e229d8c.js.map
Entrypoint Index = js/Index-74bf423a090f8c3971d5.js js/Index-74bf423a090f8c3971d5.js.map
[./app/javascript/channels sync recursive _channel\.js$] ./app/javascript/channels sync _channel\.js$ 160 bytes {application} [built]
[./app/javascript/channels/index.js] 211 bytes {application} [built]
[./app/javascript/packs/Index.jsx] 654 bytes {Index} [built]
[./app/javascript/packs/application.js] 492 bytes {application} [built]
[./app/javascript/routes/Index.jsx] 2.5 KiB {Index} [built]
[./node_modules/webpack/buildin/global.js] (webpack)/buildin/global.js 905 bytes {Index} [built]
[./node_modules/webpack/buildin/module.js] (webpack)/buildin/module.js 552 bytes {application} {Index} [built]
    + 52 hidden modules

[Webpacker] Everything's up-to-date. Nothing to do
  Rendered layout layouts/application.html.erb (Duration: 9159.2ms | Allocations: 5635)
Completed 200 OK in 9165ms (Views: 9162.1ms | Allocations: 6073)


Started GET "/api/v1/events/index" for ::1 at 2021-03-01 03:38:41 -0600
Processing by Api::V1::EventsController#index as */*
  [1m[36mEvent Load (2.9ms)[0m  [1m[34mSELECT "events".* FROM "events" ORDER BY "events"."created_at" DESC[0m
  ↳ app/controllers/api/v1/events_controller.rb:4:in `index'
Completed 200 OK in 75ms (Views: 14.3ms | ActiveRecord: 22.5ms | Allocations: 13036)


Started GET "/api/v1/events/index" for ::1 at 2021-03-01 03:49:05 -0600
Processing by Api::V1::EventsController#index as */*
  [1m[36mEvent Load (3.3ms)[0m  [1m[34mSELECT "events".* FROM "events" ORDER BY "events"."created_at" DESC[0m
  ↳ app/controllers/api/v1/events_controller.rb:4:in `index'
Completed 200 OK in 84ms (Views: 30.7ms | ActiveRecord: 25.6ms | Allocations: 5436)


Started GET "/" for ::1 at 2021-03-01 03:49:07 -0600
Processing by HomepageController#index as HTML
  Rendering layout layouts/application.html.erb
  Rendering homepage/index.html.erb within layouts/application
  Rendered homepage/index.html.erb within layouts/application (Duration: 0.2ms | Allocations: 36)
[Webpacker] Compiling...
[Webpacker] Compiled all packs in /home/zsum19/MSCFISHProgramAssistant/public/packs
[Webpacker] Hash: 6e08f68e900bb776e8f9
Version: webpack 4.46.0
Time: 5923ms
Built at: 03/01/2021 3:49:16 AM
                                     Asset       Size       Chunks                         Chunk Names
          js/Index-f37a4cd808f3c6b2ccf3.js    2.7 MiB        Index  [emitted] [immutable]  Index
      js/Index-f37a4cd808f3c6b2ccf3.js.map   2.94 MiB        Index  [emitted] [dev]        Index
    js/application-b43fa54005da8e229d8c.js    125 KiB  application  [emitted] [immutable]  application
js/application-b43fa54005da8e229d8c.js.map    139 KiB  application  [emitted] [dev]        application
                             manifest.json  661 bytes               [emitted]              
Entrypoint application = js/application-b43fa54005da8e229d8c.js js/application-b43fa54005da8e229d8c.js.map
Entrypoint Index = js/Index-f37a4cd808f3c6b2ccf3.js js/Index-f37a4cd808f3c6b2ccf3.js.map
[./app/javascript/channels sync recursive _channel\.js$] ./app/javascript/channels sync _channel\.js$ 160 bytes {application} [built]
[./app/javascript/channels/index.js] 211 bytes {application} [built]
[./app/javascript/packs/Index.jsx] 654 bytes {Index} [built]
[./app/javascript/packs/application.js] 492 bytes {application} [built]
[./app/javascript/routes/Index.jsx] 2.5 KiB {Index} [built]
[./node_modules/webpack/buildin/global.js] (webpack)/buildin/global.js 905 bytes {Index} [built]
[./node_modules/webpack/buildin/module.js] (webpack)/buildin/module.js 552 bytes {application} {Index} [built]
    + 52 hidden modules

[Webpacker] Everything's up-to-date. Nothing to do
  Rendered layout layouts/application.html.erb (Duration: 9243.8ms | Allocations: 6219)
Completed 200 OK in 9251ms (Views: 9247.4ms | ActiveRecord: 0.0ms | Allocations: 6663)


Started GET "/" for ::1 at 2021-03-01 03:49:16 -0600
Processing by HomepageController#index as HTML
  Rendering layout layouts/application.html.erb
  Rendering homepage/index.html.erb within layouts/application
  Rendered homepage/index.html.erb within layouts/application (Duration: 0.4ms | Allocations: 36)
[Webpacker] Everything's up-to-date. Nothing to do
[Webpacker] Everything's up-to-date. Nothing to do
  Rendered layout layouts/application.html.erb (Duration: 77.7ms | Allocations: 6131)
Completed 200 OK in 92ms (Views: 81.3ms | ActiveRecord: 0.0ms | Allocations: 6573)


Started GET "/" for ::1 at 2021-03-01 03:49:52 -0600
Processing by HomepageController#index as HTML
  Rendering layout layouts/application.html.erb
  Rendering homepage/index.html.erb within layouts/application
  Rendered homepage/index.html.erb within layouts/application (Duration: 0.4ms | Allocations: 36)
[Webpacker] Everything's up-to-date. Nothing to do
[Webpacker] Everything's up-to-date. Nothing to do
  Rendered layout layouts/application.html.erb (Duration: 50.9ms | Allocations: 5002)
Completed 200 OK in 55ms (Views: 53.6ms | ActiveRecord: 0.0ms | Allocations: 5448)


Started GET "/" for ::1 at 2021-03-01 03:51:52 -0600
Processing by HomepageController#index as HTML
  Rendering layout layouts/application.html.erb
  Rendering homepage/index.html.erb within layouts/application
  Rendered homepage/index.html.erb within layouts/application (Duration: 0.1ms | Allocations: 36)
[Webpacker] Everything's up-to-date. Nothing to do
[Webpacker] Everything's up-to-date. Nothing to do
  Rendered layout layouts/application.html.erb (Duration: 8.4ms | Allocations: 4411)
Completed 200 OK in 10ms (Views: 9.1ms | ActiveRecord: 0.0ms | Allocations: 4851)


Started GET "/api/v1/announcements/index" for ::1 at 2021-03-01 03:51:54 -0600
Processing by Api::V1::AnnouncementsController#index as */*
  [1m[36mAnnouncement Load (7.7ms)[0m  [1m[34mSELECT "announcements".* FROM "announcements" ORDER BY "announcements"."created_at" DESC[0m
  ↳ app/controllers/api/v1/announcements_controller.rb:4:in `index'
Completed 200 OK in 31ms (Views: 14.5ms | ActiveRecord: 7.7ms | Allocations: 2588)


Started GET "/announcement?content=go" for ::1 at 2021-03-01 03:52:21 -0600
Processing by HomepageController#index as HTML
  Parameters: {"content"=>"go", "path"=>"announcement"}
  Rendering layout layouts/application.html.erb
  Rendering homepage/index.html.erb within layouts/application
  Rendered homepage/index.html.erb within layouts/application (Duration: 0.5ms | Allocations: 36)
[Webpacker] Everything's up-to-date. Nothing to do
[Webpacker] Everything's up-to-date. Nothing to do
  Rendered layout layouts/application.html.erb (Duration: 38.7ms | Allocations: 4418)
Completed 200 OK in 44ms (Views: 41.6ms | ActiveRecord: 0.0ms | Allocations: 4859)


Started GET "/api/v1/announcements/index" for ::1 at 2021-03-01 03:52:25 -0600
Processing by Api::V1::AnnouncementsController#index as */*
  [1m[36mAnnouncement Load (2.8ms)[0m  [1m[34mSELECT "announcements".* FROM "announcements" ORDER BY "announcements"."created_at" DESC[0m
  ↳ app/controllers/api/v1/announcements_controller.rb:4:in `index'
Completed 200 OK in 21ms (Views: 10.9ms | ActiveRecord: 2.8ms | Allocations: 2597)


Started GET "/announcement?content=go" for ::1 at 2021-03-01 03:58:04 -0600
Processing by HomepageController#index as HTML
  Parameters: {"content"=>"go", "path"=>"announcement"}
  Rendering layout layouts/application.html.erb
  Rendering homepage/index.html.erb within layouts/application
  Rendered homepage/index.html.erb within layouts/application (Duration: 0.2ms | Allocations: 38)
[Webpacker] Compiling...
Started GET "/announcement" for ::1 at 2021-03-01 03:58:05 -0600
[Webpacker] Compiled all packs in /home/zsum19/MSCFISHProgramAssistant/public/packs
[Webpacker] Hash: 28b5170b1049c61ec59c
Version: webpack 4.46.0
Time: 6066ms
Built at: 03/01/2021 3:58:13 AM
                                     Asset       Size       Chunks                         Chunk Names
          js/Index-ba96c9e7acba8a52a863.js    2.7 MiB        Index  [emitted] [immutable]  Index
      js/Index-ba96c9e7acba8a52a863.js.map   2.94 MiB        Index  [emitted] [dev]        Index
    js/application-b43fa54005da8e229d8c.js    125 KiB  application  [emitted] [immutable]  application
js/application-b43fa54005da8e229d8c.js.map    139 KiB  application  [emitted] [dev]        application
                             manifest.json  661 bytes               [emitted]              
Entrypoint application = js/application-b43fa54005da8e229d8c.js js/application-b43fa54005da8e229d8c.js.map
Entrypoint Index = js/Index-ba96c9e7acba8a52a863.js js/Index-ba96c9e7acba8a52a863.js.map
[./app/javascript/channels sync recursive _channel\.js$] ./app/javascript/channels sync _channel\.js$ 160 bytes {application} [built]
[./app/javascript/channels/index.js] 211 bytes {application} [built]
[./app/javascript/packs/Index.jsx] 654 bytes {Index} [built]
[./app/javascript/packs/application.js] 492 bytes {application} [built]
[./app/javascript/routes/Index.jsx] 2.5 KiB {Index} [built]
[./node_modules/webpack/buildin/global.js] (webpack)/buildin/global.js 905 bytes {Index} [built]
[./node_modules/webpack/buildin/module.js] (webpack)/buildin/module.js 552 bytes {application} {Index} [built]
    + 52 hidden modules

[Webpacker] Everything's up-to-date. Nothing to do
  Rendered layout layouts/application.html.erb (Duration: 9409.5ms | Allocations: 9748)
Completed 200 OK in 9416ms (Views: 9412.3ms | Allocations: 10374)


Started GET "/" for ::1 at 2021-03-01 03:58:13 -0600
Started GET "/announcements" for ::1 at 2021-03-01 03:58:13 -0600
Processing by HomepageController#index as HTML
  Parameters: {"path"=>"announcement"}
  Rendering layout layouts/application.html.erb
  Rendering homepage/index.html.erb within layouts/application
  Rendered homepage/index.html.erb within layouts/application (Duration: 0.4ms | Allocations: 38)
Processing by HomepageController#index as HTML
Processing by HomepageController#index as HTML
  Rendering layout layouts/application.html.erb
  Parameters: {"path"=>"announcements"}
  Rendering homepage/index.html.erb within layouts/application
  Rendering layout layouts/application.html.erb
  Rendered homepage/index.html.erb within layouts/application (Duration: 1.0ms | Allocations: 36)
  Rendering homepage/index.html.erb within layouts/application
  Rendered homepage/index.html.erb within layouts/application (Duration: 0.2ms | Allocations: 36)
[Webpacker] Everything's up-to-date. Nothing to do
[Webpacker] Everything's up-to-date. Nothing to do
[Webpacker] Everything's up-to-date. Nothing to do
[Webpacker] Everything's up-to-date. Nothing to do
  Rendered layout layouts/application.html.erb (Duration: 171.7ms | Allocations: 14976)
Completed 200 OK in 179ms (Views: 177.2ms | Allocations: 15616)


[Webpacker] Everything's up-to-date. Nothing to do
  Rendered layout layouts/application.html.erb (Duration: 163.5ms | Allocations: 14648)
Completed 200 OK in 173ms (Views: 171.6ms | Allocations: 15516)


[Webpacker] Everything's up-to-date. Nothing to do
  Rendered layout layouts/application.html.erb (Duration: 187.5ms | Allocations: 16522)
Completed 200 OK in 211ms (Views: 207.6ms | Allocations: 17249)


Started GET "/CheckIn?name=Zachary+Summers&email=zsummers19%40gmail.com&referral=Allison+Fox" for ::1 at 2021-03-01 03:58:26 -0600
Processing by HomepageController#index as HTML
  Parameters: {"name"=>"Zachary Summers", "email"=>"zsummers19@gmail.com", "referral"=>"Allison Fox", "path"=>"CheckIn"}
  Rendering layout layouts/application.html.erb
  Rendering homepage/index.html.erb within layouts/application
  Rendered homepage/index.html.erb within layouts/application (Duration: 0.2ms | Allocations: 36)
[Webpacker] Everything's up-to-date. Nothing to do
[Webpacker] Everything's up-to-date. Nothing to do
  Rendered layout layouts/application.html.erb (Duration: 29.7ms | Allocations: 4418)
Completed 200 OK in 36ms (Views: 34.4ms | Allocations: 4856)


Started GET "/api/v1/events/index" for ::1 at 2021-03-01 03:58:31 -0600
Processing by Api::V1::EventsController#index as */*
  [1m[36mEvent Load (2.3ms)[0m  [1m[34mSELECT "events".* FROM "events" ORDER BY "events"."created_at" DESC[0m
  ↳ app/controllers/api/v1/events_controller.rb:4:in `index'
Completed 200 OK in 65ms (Views: 15.6ms | ActiveRecord: 18.7ms | Allocations: 11635)


Started GET "/CheckIn" for ::1 at 2021-03-01 04:12:34 -0600
Processing by HomepageController#index as HTML
  Parameters: {"path"=>"CheckIn"}
  Rendering layout layouts/application.html.erb
  Rendering homepage/index.html.erb within layouts/application
  Rendered homepage/index.html.erb within layouts/application (Duration: 0.7ms | Allocations: 36)
[Webpacker] Compiling...
[Webpacker] Compiled all packs in /home/zsum19/MSCFISHProgramAssistant/public/packs
[Webpacker] Hash: aef6636dfe030a05a89c
Version: webpack 4.46.0
Time: 5700ms
Built at: 03/01/2021 4:12:42 AM
                                     Asset       Size       Chunks                         Chunk Names
          js/Index-16920c7c56ea76af138f.js    2.7 MiB        Index  [emitted] [immutable]  Index
      js/Index-16920c7c56ea76af138f.js.map   2.94 MiB        Index  [emitted] [dev]        Index
    js/application-b43fa54005da8e229d8c.js    125 KiB  application  [emitted] [immutable]  application
js/application-b43fa54005da8e229d8c.js.map    139 KiB  application  [emitted] [dev]        application
                             manifest.json  661 bytes               [emitted]              
Entrypoint application = js/application-b43fa54005da8e229d8c.js js/application-b43fa54005da8e229d8c.js.map
Entrypoint Index = js/Index-16920c7c56ea76af138f.js js/Index-16920c7c56ea76af138f.js.map
[./app/javascript/channels sync recursive _channel\.js$] ./app/javascript/channels sync _channel\.js$ 160 bytes {application} [built]
[./app/javascript/channels/index.js] 211 bytes {application} [built]
[./app/javascript/packs/Index.jsx] 654 bytes {Index} [built]
[./app/javascript/packs/application.js] 492 bytes {application} [built]
[./app/javascript/routes/Index.jsx] 2.5 KiB {Index} [built]
[./node_modules/webpack/buildin/global.js] (webpack)/buildin/global.js 905 bytes {Index} [built]
[./node_modules/webpack/buildin/module.js] (webpack)/buildin/module.js 552 bytes {application} {Index} [built]
    + 52 hidden modules

[Webpacker] Everything's up-to-date. Nothing to do
  Rendered layout layouts/application.html.erb (Duration: 7974.5ms | Allocations: 5631)
Completed 200 OK in 7989ms (Views: 7978.1ms | Allocations: 6069)


Started GET "/CheckIn?name=Zachary+Summers&email=zsummers19%40gmail.com&referral=Allison+Fox" for ::1 at 2021-03-01 04:12:52 -0600
Processing by HomepageController#index as HTML
  Parameters: {"name"=>"Zachary Summers", "email"=>"zsummers19@gmail.com", "referral"=>"Allison Fox", "path"=>"CheckIn"}
  Rendering layout layouts/application.html.erb
  Rendering homepage/index.html.erb within layouts/application
  Rendered homepage/index.html.erb within layouts/application (Duration: 0.2ms | Allocations: 36)
[Webpacker] Everything's up-to-date. Nothing to do
[Webpacker] Everything's up-to-date. Nothing to do
  Rendered layout layouts/application.html.erb (Duration: 41.7ms | Allocations: 4412)
Completed 200 OK in 48ms (Views: 45.9ms | Allocations: 4849)


Started GET "/api/v1/events/index" for ::1 at 2021-03-01 04:12:55 -0600
Processing by Api::V1::EventsController#index as */*
  [1m[36mEvent Load (2.9ms)[0m  [1m[34mSELECT "events".* FROM "events" ORDER BY "events"."created_at" DESC[0m
  ↳ app/controllers/api/v1/events_controller.rb:4:in `index'
Completed 200 OK in 49ms (Views: 5.7ms | ActiveRecord: 22.2ms | Allocations: 5886)


