  [1m[35m (186.4ms)[0m  [1m[35mCREATE DATABASE "mscfishpa_development" ENCODING = 'unicode'[0m
  [1m[35m (59.3ms)[0m  [1m[35mCREATE DATABASE "mscfishpa_test" ENCODING = 'unicode'[0m
  [1m[35m (23.6ms)[0m  [1m[35mCREATE TABLE "schema_migrations" ("version" character varying NOT NULL PRIMARY KEY)[0m
  [1m[35m (20.0ms)[0m  [1m[35mCREATE TABLE "ar_internal_metadata" ("key" character varying NOT NULL PRIMARY KEY, "value" character varying, "created_at" timestamp(6) NOT NULL, "updated_at" timestamp(6) NOT NULL)[0m
  [1m[35m (0.2ms)[0m  [1m[34mSELECT pg_try_advisory_lock(4341533906286689490)[0m
  [1m[35m (0.5ms)[0m  [1m[34mSELECT "schema_migrations"."version" FROM "schema_migrations" ORDER BY "schema_migrations"."version" ASC[0m
Migrating to CreateEvents (20210211023456)
  [1m[36mTRANSACTION (0.1ms)[0m  [1m[35mBEGIN[0m
  [1m[35m (15.8ms)[0m  [1m[35mCREATE TABLE "events" ("id" bigserial primary key, "name" character varying, "max_size" integer, "tickets_sold" integer, "num_checked_in" integer, "date" timestamp, "description" text, "created_at" timestamp(6) NOT NULL, "updated_at" timestamp(6) NOT NULL)[0m
  [1m[36mActiveRecord::SchemaMigration Create (0.5ms)[0m  [1m[32mINSERT INTO "schema_migrations" ("version") VALUES ($1) RETURNING "version"[0m  [["version", "20210211023456"]]
  [1m[36mTRANSACTION (6.1ms)[0m  [1m[35mCOMMIT[0m
Migrating to CreateMembers (20210211023523)
  [1m[36mTRANSACTION (5.8ms)[0m  [1m[35mBEGIN[0m
  [1m[35m (14.0ms)[0m  [1m[35mCREATE TABLE "members" ("id" bigserial primary key, "name" character varying, "is_admin" boolean, "num_referrals" integer, "created_at" timestamp(6) NOT NULL, "updated_at" timestamp(6) NOT NULL)[0m
  [1m[36mActiveRecord::SchemaMigration Create (0.2ms)[0m  [1m[32mINSERT INTO "schema_migrations" ("version") VALUES ($1) RETURNING "version"[0m  [["version", "20210211023523"]]
  [1m[36mTRANSACTION (4.9ms)[0m  [1m[35mCOMMIT[0m
Migrating to CreateAnnouncements (20210211023531)
  [1m[36mTRANSACTION (6.0ms)[0m  [1m[35mBEGIN[0m
  [1m[35m (16.4ms)[0m  [1m[35mCREATE TABLE "announcements" ("id" bigserial primary key, "author_id" bigint, "event_id" bigint, "content" text, "date_posted" timestamp, "created_at" timestamp(6) NOT NULL, "updated_at" timestamp(6) NOT NULL, CONSTRAINT "fk_rails_994ada01bd"
FOREIGN KEY ("author_id")
  REFERENCES "members" ("id")
, CONSTRAINT "fk_rails_1c38ebbbf3"
FOREIGN KEY ("event_id")
  REFERENCES "events" ("id")
)[0m
  [1m[35m (0.9ms)[0m  [1m[35mCREATE INDEX "index_announcements_on_author_id" ON "announcements" ("author_id")[0m
  [1m[35m (0.9ms)[0m  [1m[35mCREATE INDEX "index_announcements_on_event_id" ON "announcements" ("event_id")[0m
  [1m[36mActiveRecord::SchemaMigration Create (0.2ms)[0m  [1m[32mINSERT INTO "schema_migrations" ("version") VALUES ($1) RETURNING "version"[0m  [["version", "20210211023531"]]
  [1m[36mTRANSACTION (0.5ms)[0m  [1m[35mCOMMIT[0m
Migrating to CreateAttendees (20210211023537)
  [1m[36mTRANSACTION (5.6ms)[0m  [1m[35mBEGIN[0m
  [1m[35m (16.4ms)[0m  [1m[35mCREATE TABLE "attendees" ("id" bigserial primary key, "referred_by_id" bigint, "event_id" bigint, "name" character varying, "email" character varying, "created_at" timestamp(6) NOT NULL, "updated_at" timestamp(6) NOT NULL, CONSTRAINT "fk_rails_fb2dc9b2a6"
FOREIGN KEY ("referred_by_id")
  REFERENCES "members" ("id")
, CONSTRAINT "fk_rails_4037bda9d5"
FOREIGN KEY ("event_id")
  REFERENCES "events" ("id")
)[0m
  [1m[35m (1.1ms)[0m  [1m[35mCREATE INDEX "index_attendees_on_referred_by_id" ON "attendees" ("referred_by_id")[0m
  [1m[35m (1.2ms)[0m  [1m[35mCREATE INDEX "index_attendees_on_event_id" ON "attendees" ("event_id")[0m
  [1m[36mActiveRecord::SchemaMigration Create (0.2ms)[0m  [1m[32mINSERT INTO "schema_migrations" ("version") VALUES ($1) RETURNING "version"[0m  [["version", "20210211023537"]]
  [1m[36mTRANSACTION (0.5ms)[0m  [1m[35mCOMMIT[0m
  [1m[36mActiveRecord::InternalMetadata Load (0.4ms)[0m  [1m[34mSELECT "ar_internal_metadata".* FROM "ar_internal_metadata" WHERE "ar_internal_metadata"."key" = $1 LIMIT $2[0m  [["key", "environment"], ["LIMIT", 1]]
  [1m[36mTRANSACTION (0.1ms)[0m  [1m[35mBEGIN[0m
  [1m[36mActiveRecord::InternalMetadata Create (0.4ms)[0m  [1m[32mINSERT INTO "ar_internal_metadata" ("key", "value", "created_at", "updated_at") VALUES ($1, $2, $3, $4) RETURNING "key"[0m  [["key", "environment"], ["value", "development"], ["created_at", "2021-02-19 20:35:50.703109"], ["updated_at", "2021-02-19 20:35:50.703109"]]
  [1m[36mTRANSACTION (6.3ms)[0m  [1m[35mCOMMIT[0m
  [1m[35m (0.3ms)[0m  [1m[34mSELECT pg_advisory_unlock(4341533906286689490)[0m
  [1m[35m (0.7ms)[0m  [1m[34mSELECT "schema_migrations"."version" FROM "schema_migrations" ORDER BY "schema_migrations"."version" ASC[0m
Started GET "/books" for ::1 at 2021-02-21 21:53:51 -0600
Started GET "/" for ::1 at 2021-02-21 21:53:51 -0600
  [1m[35m (1.6ms)[0m  [1m[34mSELECT "schema_migrations"."version" FROM "schema_migrations" ORDER BY "schema_migrations"."version" ASC[0m
  [1m[35mCACHE  (0.0ms)[0m  [1m[34mSELECT "schema_migrations"."version" FROM "schema_migrations" ORDER BY "schema_migrations"."version" ASC[0m
  
ActiveRecord::PendingMigrationError (

Migrations are pending. To resolve this issue, run:

        bin/rails db:migrate RAILS_ENV=development

You have 3 pending migrations:

20210211023522_create_roles.rb
20210215220629_create_eventattendances.rb
20210215220810_create_referrals.rb


):
  
activerecord (6.1.2) lib/active_record/migration.rb:625:in `check_pending!'
activerecord (6.1.2) lib/active_record/migration.rb:590:in `block (2 levels) in call'
activesupport (6.1.2) lib/active_support/evented_file_update_checker.rb:59:in `execute'
activerecord (6.1.2) lib/active_record/migration.rb:595:in `block in call'
activerecord (6.1.2) lib/active_record/migration.rb:587:in `synchronize'
activerecord (6.1.2) lib/active_record/migration.rb:587:in `call'
actionpack (6.1.2) lib/action_dispatch/middleware/callbacks.rb:27:in `block in call'
activesupport (6.1.2) lib/active_support/callbacks.rb:98:in `run_callbacks'
actionpack (6.1.2) lib/action_dispatch/middleware/callbacks.rb:26:in `call'
actionpack (6.1.2) lib/action_dispatch/middleware/executor.rb:14:in `call'
actionpack (6.1.2) lib/action_dispatch/middleware/actionable_exceptions.rb:18:in `call'
actionpack (6.1.2) lib/action_dispatch/middleware/debug_exceptions.rb:29:in `call'
web-console (4.1.0) lib/web_console/middleware.rb:132:in `call_app'
web-console (4.1.0) lib/web_console/middleware.rb:28:in `block in call'
web-console (4.1.0) lib/web_console/middleware.rb:17:in `catch'
web-console (4.1.0) lib/web_console/middleware.rb:17:in `call'
actionpack (6.1.2) lib/action_dispatch/middleware/show_exceptions.rb:33:in `call'
railties (6.1.2) lib/rails/rack/logger.rb:37:in `call_app'
railties (6.1.2) lib/rails/rack/logger.rb:26:in `block in call'
activesupport (6.1.2) lib/active_support/tagged_logging.rb:99:in `block in tagged'
activesupport (6.1.2) lib/active_support/tagged_logging.rb:37:in `tagged'
activesupport (6.1.2) lib/active_support/tagged_logging.rb:99:in `tagged'
railties (6.1.2) lib/rails/rack/logger.rb:26:in `call'
sprockets-rails (3.2.2) lib/sprockets/rails/quiet_assets.rb:13:in `call'
actionpack (6.1.2) lib/action_dispatch/middleware/remote_ip.rb:81:in `call'
actionpack (6.1.2) lib/action_dispatch/middleware/request_id.rb:26:in `call'
rack (2.2.3) lib/rack/method_override.rb:24:in `call'
rack (2.2.3) lib/rack/runtime.rb:22:in `call'
activesupport (6.1.2) lib/active_support/cache/strategy/local_cache_middleware.rb:29:in `call'
actionpack (6.1.2) lib/action_dispatch/middleware/executor.rb:14:in `call'
actionpack (6.1.2) lib/action_dispatch/middleware/static.rb:24:in `call'
rack (2.2.3) lib/rack/sendfile.rb:110:in `call'
actionpack (6.1.2) lib/action_dispatch/middleware/host_authorization.rb:98:in `call'
rack-mini-profiler (2.3.1) lib/mini_profiler/profiler.rb:373:in `call'
webpacker (5.2.1) lib/webpacker/dev_server_proxy.rb:25:in `perform_request'
rack-proxy (0.6.5) lib/rack/proxy.rb:57:in `call'
railties (6.1.2) lib/rails/engine.rb:539:in `call'
puma (5.2.1) lib/puma/configuration.rb:247:in `call'
puma (5.2.1) lib/puma/request.rb:76:in `block in handle_request'
puma (5.2.1) lib/puma/thread_pool.rb:337:in `with_force_shutdown'
puma (5.2.1) lib/puma/request.rb:75:in `handle_request'
puma (5.2.1) lib/puma/server.rb:431:in `process_client'
puma (5.2.1) lib/puma/thread_pool.rb:145:in `block in spawn_thread'
  [1m[35m (1.3ms)[0m  [1m[34mSELECT "schema_migrations"."version" FROM "schema_migrations" ORDER BY "schema_migrations"."version" ASC[0m
  [1m[35mCACHE  (0.0ms)[0m  [1m[34mSELECT "schema_migrations"."version" FROM "schema_migrations" ORDER BY "schema_migrations"."version" ASC[0m
  
ActiveRecord::PendingMigrationError (

Migrations are pending. To resolve this issue, run:

        bin/rails db:migrate RAILS_ENV=development

You have 3 pending migrations:

20210211023522_create_roles.rb
20210215220629_create_eventattendances.rb
20210215220810_create_referrals.rb


):
  
activerecord (6.1.2) lib/active_record/migration.rb:625:in `check_pending!'
activerecord (6.1.2) lib/active_record/migration.rb:590:in `block (2 levels) in call'
activesupport (6.1.2) lib/active_support/evented_file_update_checker.rb:59:in `execute'
activerecord (6.1.2) lib/active_record/migration.rb:595:in `block in call'
activerecord (6.1.2) lib/active_record/migration.rb:587:in `synchronize'
activerecord (6.1.2) lib/active_record/migration.rb:587:in `call'
actionpack (6.1.2) lib/action_dispatch/middleware/callbacks.rb:27:in `block in call'
activesupport (6.1.2) lib/active_support/callbacks.rb:98:in `run_callbacks'
actionpack (6.1.2) lib/action_dispatch/middleware/callbacks.rb:26:in `call'
actionpack (6.1.2) lib/action_dispatch/middleware/executor.rb:14:in `call'
actionpack (6.1.2) lib/action_dispatch/middleware/actionable_exceptions.rb:18:in `call'
actionpack (6.1.2) lib/action_dispatch/middleware/debug_exceptions.rb:29:in `call'
web-console (4.1.0) lib/web_console/middleware.rb:132:in `call_app'
web-console (4.1.0) lib/web_console/middleware.rb:28:in `block in call'
web-console (4.1.0) lib/web_console/middleware.rb:17:in `catch'
web-console (4.1.0) lib/web_console/middleware.rb:17:in `call'
actionpack (6.1.2) lib/action_dispatch/middleware/show_exceptions.rb:33:in `call'
railties (6.1.2) lib/rails/rack/logger.rb:37:in `call_app'
railties (6.1.2) lib/rails/rack/logger.rb:26:in `block in call'
activesupport (6.1.2) lib/active_support/tagged_logging.rb:99:in `block in tagged'
activesupport (6.1.2) lib/active_support/tagged_logging.rb:37:in `tagged'
activesupport (6.1.2) lib/active_support/tagged_logging.rb:99:in `tagged'
railties (6.1.2) lib/rails/rack/logger.rb:26:in `call'
sprockets-rails (3.2.2) lib/sprockets/rails/quiet_assets.rb:13:in `call'
actionpack (6.1.2) lib/action_dispatch/middleware/remote_ip.rb:81:in `call'
actionpack (6.1.2) lib/action_dispatch/middleware/request_id.rb:26:in `call'
rack (2.2.3) lib/rack/method_override.rb:24:in `call'
rack (2.2.3) lib/rack/runtime.rb:22:in `call'
activesupport (6.1.2) lib/active_support/cache/strategy/local_cache_middleware.rb:29:in `call'
actionpack (6.1.2) lib/action_dispatch/middleware/executor.rb:14:in `call'
actionpack (6.1.2) lib/action_dispatch/middleware/static.rb:24:in `call'
rack (2.2.3) lib/rack/sendfile.rb:110:in `call'
actionpack (6.1.2) lib/action_dispatch/middleware/host_authorization.rb:98:in `call'
rack-mini-profiler (2.3.1) lib/mini_profiler/profiler.rb:373:in `call'
webpacker (5.2.1) lib/webpacker/dev_server_proxy.rb:25:in `perform_request'
rack-proxy (0.6.5) lib/rack/proxy.rb:57:in `call'
railties (6.1.2) lib/rails/engine.rb:539:in `call'
puma (5.2.1) lib/puma/configuration.rb:247:in `call'
puma (5.2.1) lib/puma/request.rb:76:in `block in handle_request'
puma (5.2.1) lib/puma/thread_pool.rb:337:in `with_force_shutdown'
puma (5.2.1) lib/puma/request.rb:75:in `handle_request'
puma (5.2.1) lib/puma/server.rb:431:in `process_client'
puma (5.2.1) lib/puma/thread_pool.rb:145:in `block in spawn_thread'
  [1m[35m (1.2ms)[0m  [1m[34mSELECT pg_try_advisory_lock(4341533906286689490)[0m
  [1m[35m (0.4ms)[0m  [1m[34mSELECT "schema_migrations"."version" FROM "schema_migrations" ORDER BY "schema_migrations"."version" ASC[0m
Migrating to CreateRoles (20210211023522)
  [1m[36mTRANSACTION (0.1ms)[0m  [1m[35mBEGIN[0m
  [1m[35m (27.1ms)[0m  [1m[35mCREATE TABLE "roles" ("id" bigserial primary key, "name" character varying, "description" text, "created_at" timestamp(6) NOT NULL, "updated_at" timestamp(6) NOT NULL)[0m
  [1m[35m (1.3ms)[0m  [1m[35mCREATE UNIQUE INDEX "index_roles_on_name" ON "roles" ("name")[0m
  [1m[36mActiveRecord::SchemaMigration Create (0.2ms)[0m  [1m[32mINSERT INTO "schema_migrations" ("version") VALUES ($1) RETURNING "version"[0m  [["version", "20210211023522"]]
  [1m[36mTRANSACTION (0.6ms)[0m  [1m[35mCOMMIT[0m
Migrating to CreateEventattendances (20210215220629)
  [1m[36mTRANSACTION (6.3ms)[0m  [1m[35mBEGIN[0m
  [1m[35m (13.4ms)[0m  [1m[35mCREATE TABLE "eventattendances" ("id" bigserial primary key, "event_id" bigint, "attendee_id" bigint, "created_at" timestamp(6) NOT NULL, "updated_at" timestamp(6) NOT NULL)[0m
  [1m[35m (5.6ms)[0m  [1m[35mCREATE INDEX "index_eventattendances_on_event_id" ON "eventattendances" ("event_id")[0m
  [1m[35m (1.3ms)[0m  [1m[35mCREATE INDEX "index_eventattendances_on_attendee_id" ON "eventattendances" ("attendee_id")[0m
  [1m[36mActiveRecord::SchemaMigration Create (0.2ms)[0m  [1m[32mINSERT INTO "schema_migrations" ("version") VALUES ($1) RETURNING "version"[0m  [["version", "20210215220629"]]
  [1m[36mTRANSACTION (0.4ms)[0m  [1m[35mCOMMIT[0m
Migrating to CreateReferrals (20210215220810)
  [1m[36mTRANSACTION (6.3ms)[0m  [1m[35mBEGIN[0m
  [1m[35m (15.3ms)[0m  [1m[35mCREATE TABLE "referrals" ("id" bigserial primary key, "member_id" bigint, "attendee_id" bigint, "created_at" timestamp(6) NOT NULL, "updated_at" timestamp(6) NOT NULL)[0m
  [1m[35m (1.2ms)[0m  [1m[35mCREATE INDEX "index_referrals_on_member_id" ON "referrals" ("member_id")[0m
  [1m[35m (1.7ms)[0m  [1m[35mCREATE INDEX "index_referrals_on_attendee_id" ON "referrals" ("attendee_id")[0m
  [1m[36mActiveRecord::SchemaMigration Create (0.2ms)[0m  [1m[32mINSERT INTO "schema_migrations" ("version") VALUES ($1) RETURNING "version"[0m  [["version", "20210215220810"]]
  [1m[36mTRANSACTION (0.4ms)[0m  [1m[35mCOMMIT[0m
  [1m[36mActiveRecord::InternalMetadata Load (0.4ms)[0m  [1m[34mSELECT "ar_internal_metadata".* FROM "ar_internal_metadata" WHERE "ar_internal_metadata"."key" = $1 LIMIT $2[0m  [["key", "environment"], ["LIMIT", 1]]
  [1m[35m (0.2ms)[0m  [1m[34mSELECT pg_advisory_unlock(4341533906286689490)[0m
  [1m[35m (0.8ms)[0m  [1m[34mSELECT "schema_migrations"."version" FROM "schema_migrations" ORDER BY "schema_migrations"."version" ASC[0m
Started GET "/" for ::1 at 2021-02-21 21:54:12 -0600
  [1m[35m (0.7ms)[0m  [1m[34mSELECT "schema_migrations"."version" FROM "schema_migrations" ORDER BY "schema_migrations"."version" ASC[0m
Processing by HomepageController#index as HTML
  Rendering layout layouts/application.html.erb
  Rendering homepage/index.html.erb within layouts/application
  Rendered homepage/index.html.erb within layouts/application (Duration: 0.6ms | Allocations: 278)
[Webpacker] Compiling...
[Webpacker] Compilation failed:
yarn run v1.22.10
info Visit https://yarnpkg.com/en/docs/cli/run for documentation about this command.


error Command "webpack" not found.

  Rendered layout layouts/application.html.erb (Duration: 1510.9ms | Allocations: 13272)
Completed 500 Internal Server Error in 1524ms (ActiveRecord: 0.0ms | Allocations: 16682)


  
ActionView::Template::Error (Webpacker can't find application.js in /Users/Snowspeeder/github/MSCFISHProgramAssistant/MSCFISHPA/public/packs/manifest.json. Possible causes:
1. You want to set webpacker.yml value of compile to true for your environment
   unless you are using the `webpack -w` or the webpack-dev-server.
2. webpack has not yet re-run to reflect updates.
3. You have misconfigured Webpacker's config/webpacker.yml file.
4. Your webpack configuration is not creating a manifest.
Your manifest contains:
{
}
):
     7:     <%= csp_meta_tag %>
     8: 
     9:     <%= stylesheet_link_tag 'application', media: 'all', 'data-turbolinks-track': 'reload' %>
    10:     <%= javascript_pack_tag 'application', 'data-turbolinks-track': 'reload' %>
    11:     <meta name="viewport" content="width=device-width, initial-scale=1, shrink-to-fit=no">
    12:     <%= javascript_pack_tag 'Index' %>
    13:   </head>
  
app/views/layouts/application.html.erb:10
  [1m[35m (0.1ms)[0m  [1m[34mSELECT pg_try_advisory_lock(4341533906286689490)[0m
  [1m[35m (0.4ms)[0m  [1m[34mSELECT "schema_migrations"."version" FROM "schema_migrations" ORDER BY "schema_migrations"."version" ASC[0m
  [1m[36mActiveRecord::InternalMetadata Load (0.3ms)[0m  [1m[34mSELECT "ar_internal_metadata".* FROM "ar_internal_metadata" WHERE "ar_internal_metadata"."key" = $1 LIMIT $2[0m  [["key", "environment"], ["LIMIT", 1]]
  [1m[35m (0.2ms)[0m  [1m[34mSELECT pg_advisory_unlock(4341533906286689490)[0m
  [1m[35m (0.4ms)[0m  [1m[34mSELECT "schema_migrations"."version" FROM "schema_migrations" ORDER BY "schema_migrations"."version" ASC[0m
Started GET "/" for ::1 at 2021-02-21 21:55:02 -0600
  [1m[35m (0.7ms)[0m  [1m[34mSELECT "schema_migrations"."version" FROM "schema_migrations" ORDER BY "schema_migrations"."version" ASC[0m
Processing by HomepageController#index as HTML
  Rendering layout layouts/application.html.erb
  Rendering homepage/index.html.erb within layouts/application
  Rendered homepage/index.html.erb within layouts/application (Duration: 0.5ms | Allocations: 278)
[Webpacker] Compiling...
[Webpacker] Compilation failed:
yarn run v1.22.10
info Visit https://yarnpkg.com/en/docs/cli/run for documentation about this command.


error Command "webpack" not found.

  Rendered layout layouts/application.html.erb (Duration: 866.5ms | Allocations: 8562)
Completed 500 Internal Server Error in 875ms (ActiveRecord: 0.0ms | Allocations: 11568)


  
ActionView::Template::Error (Webpacker can't find application.js in /Users/Snowspeeder/github/MSCFISHProgramAssistant/MSCFISHPA/public/packs/manifest.json. Possible causes:
1. You want to set webpacker.yml value of compile to true for your environment
   unless you are using the `webpack -w` or the webpack-dev-server.
2. webpack has not yet re-run to reflect updates.
3. You have misconfigured Webpacker's config/webpacker.yml file.
4. Your webpack configuration is not creating a manifest.
Your manifest contains:
{
}
):
     7:     <%= csp_meta_tag %>
     8: 
     9:     <%= stylesheet_link_tag 'application', media: 'all', 'data-turbolinks-track': 'reload' %>
    10:     <%= javascript_pack_tag 'application', 'data-turbolinks-track': 'reload' %>
    11:     <meta name="viewport" content="width=device-width, initial-scale=1, shrink-to-fit=no">
    12:     <%= javascript_pack_tag 'Index' %>
    13:   </head>
  
app/views/layouts/application.html.erb:10
Started GET "/" for ::1 at 2021-02-21 21:56:47 -0600
  [1m[35m (0.8ms)[0m  [1m[34mSELECT "schema_migrations"."version" FROM "schema_migrations" ORDER BY "schema_migrations"."version" ASC[0m
Processing by HomepageController#index as HTML
  Rendering layout layouts/application.html.erb
  Rendering homepage/index.html.erb within layouts/application
  Rendered homepage/index.html.erb within layouts/application (Duration: 0.8ms | Allocations: 278)
[Webpacker] Compiling...
[Webpacker] Compilation failed:
yarn run v1.22.10
info Visit https://yarnpkg.com/en/docs/cli/run for documentation about this command.


error Command "webpack" not found.

  Rendered layout layouts/application.html.erb (Duration: 843.2ms | Allocations: 8560)
Completed 500 Internal Server Error in 852ms (ActiveRecord: 0.0ms | Allocations: 11566)


  
ActionView::Template::Error (Webpacker can't find application.js in /Users/Snowspeeder/github/MSCFISHProgramAssistant/MSCFISHPA/public/packs/manifest.json. Possible causes:
1. You want to set webpacker.yml value of compile to true for your environment
   unless you are using the `webpack -w` or the webpack-dev-server.
2. webpack has not yet re-run to reflect updates.
3. You have misconfigured Webpacker's config/webpacker.yml file.
4. Your webpack configuration is not creating a manifest.
Your manifest contains:
{
}
):
     7:     <%= csp_meta_tag %>
     8: 
     9:     <%= stylesheet_link_tag 'application', media: 'all', 'data-turbolinks-track': 'reload' %>
    10:     <%= javascript_pack_tag 'application', 'data-turbolinks-track': 'reload' %>
    11:     <meta name="viewport" content="width=device-width, initial-scale=1, shrink-to-fit=no">
    12:     <%= javascript_pack_tag 'Index' %>
    13:   </head>
  
app/views/layouts/application.html.erb:10
Started GET "/" for ::1 at 2021-02-21 21:58:05 -0600
  [1m[35m (0.9ms)[0m  [1m[34mSELECT "schema_migrations"."version" FROM "schema_migrations" ORDER BY "schema_migrations"."version" ASC[0m
Processing by HomepageController#index as HTML
  Rendering layout layouts/application.html.erb
  Rendering homepage/index.html.erb within layouts/application
  Rendered homepage/index.html.erb within layouts/application (Duration: 0.6ms | Allocations: 278)
[Webpacker] Compiling...
[Webpacker] Compiled all packs in /Users/Snowspeeder/github/MSCFISHProgramAssistant/MSCFISHPA/public/packs
[Webpacker] Hash: b56b7be8c899d87405f3
Version: webpack 4.46.0
Time: 7343ms
Built at: 02/21/2021 9:58:14 PM
                                     Asset       Size       Chunks                         Chunk Names
          js/Index-7eb0cf171ed308474bc1.js   2.66 MiB        Index  [emitted] [immutable]  Index
      js/Index-7eb0cf171ed308474bc1.js.map   2.92 MiB        Index  [emitted] [dev]        Index
    js/application-b43fa54005da8e229d8c.js    125 KiB  application  [emitted] [immutable]  application
js/application-b43fa54005da8e229d8c.js.map    139 KiB  application  [emitted] [dev]        application
                             manifest.json  661 bytes               [emitted]              
Entrypoint application = js/application-b43fa54005da8e229d8c.js js/application-b43fa54005da8e229d8c.js.map
Entrypoint Index = js/Index-7eb0cf171ed308474bc1.js js/Index-7eb0cf171ed308474bc1.js.map
[./app/javascript/channels sync recursive _channel\.js$] ./app/javascript/channels sync _channel\.js$ 160 bytes {application} [built]
[./app/javascript/channels/index.js] 211 bytes {application} [built]
[./app/javascript/packs/Index.jsx] 677 bytes {Index} [built]
[./app/javascript/packs/application.js] 492 bytes {application} [built]
[./app/javascript/routes/Index.jsx] 1.47 KiB {Index} [built]
[./node_modules/webpack/buildin/global.js] (webpack)/buildin/global.js 905 bytes {Index} [built]
[./node_modules/webpack/buildin/module.js] (webpack)/buildin/module.js 552 bytes {application} {Index} [built]
    + 45 hidden modules

[Webpacker] Everything's up-to-date. Nothing to do
  Rendered layout layouts/application.html.erb (Duration: 8868.8ms | Allocations: 10217)
Completed 200 OK in 8878ms (Views: 8871.4ms | ActiveRecord: 0.0ms | Allocations: 13276)


Started GET "/api/v1/events/index" for ::1 at 2021-02-21 21:58:27 -0600
Processing by Api::V1::EventsController#index as */*
  [1m[36mEvent Load (3.2ms)[0m  [1m[34mSELECT "events".* FROM "events" ORDER BY "events"."created_at" DESC[0m
  ↳ app/controllers/api/v1/events_controller.rb:4:in `index'
Completed 200 OK in 21ms (Views: 2.0ms | ActiveRecord: 5.9ms | Allocations: 5327)


  [1m[35m (0.4ms)[0m  [1m[34mSELECT "schema_migrations"."version" FROM "schema_migrations" ORDER BY "schema_migrations"."version" ASC[0m
  [1m[36mTRANSACTION (0.1ms)[0m  [1m[35mBEGIN[0m
  [1m[36mEvent Create (0.7ms)[0m  [1m[32mINSERT INTO "events" ("name", "max_size", "tickets_sold", "num_checked_in", "date", "description", "created_at", "updated_at") VALUES ($1, $2, $3, $4, $5, $6, $7, $8) RETURNING "id"[0m  [["name", "Test Event 1"], ["max_size", 10], ["tickets_sold", 0], ["num_checked_in", 0], ["date", "2021-02-22 00:00:00"], ["description", "This is a test"], ["created_at", "2021-02-22 03:58:35.934275"], ["updated_at", "2021-02-22 03:58:35.934275"]]
  [1m[36mTRANSACTION (1.4ms)[0m  [1m[35mCOMMIT[0m
  [1m[36mTRANSACTION (0.1ms)[0m  [1m[35mBEGIN[0m
  [1m[36mEvent Create (0.3ms)[0m  [1m[32mINSERT INTO "events" ("name", "max_size", "tickets_sold", "num_checked_in", "date", "description", "created_at", "updated_at") VALUES ($1, $2, $3, $4, $5, $6, $7, $8) RETURNING "id"[0m  [["name", "Test Event 2"], ["max_size", 10], ["tickets_sold", 1], ["num_checked_in", 2], ["date", "2021-02-22 00:00:00"], ["description", "This is a test"], ["created_at", "2021-02-22 03:58:35.940854"], ["updated_at", "2021-02-22 03:58:35.940854"]]
  [1m[36mTRANSACTION (0.3ms)[0m  [1m[35mCOMMIT[0m
  [1m[36mTRANSACTION (0.1ms)[0m  [1m[35mBEGIN[0m
  [1m[36mEvent Create (0.2ms)[0m  [1m[32mINSERT INTO "events" ("name", "max_size", "tickets_sold", "num_checked_in", "date", "description", "created_at", "updated_at") VALUES ($1, $2, $3, $4, $5, $6, $7, $8) RETURNING "id"[0m  [["name", "Test Event 3"], ["max_size", 10], ["tickets_sold", 2], ["num_checked_in", 4], ["date", "2021-02-22 00:00:00"], ["description", "This is a test"], ["created_at", "2021-02-22 03:58:35.944625"], ["updated_at", "2021-02-22 03:58:35.944625"]]
  [1m[36mTRANSACTION (0.3ms)[0m  [1m[35mCOMMIT[0m
  [1m[36mTRANSACTION (0.1ms)[0m  [1m[35mBEGIN[0m
  [1m[36mEvent Create (0.2ms)[0m  [1m[32mINSERT INTO "events" ("name", "max_size", "tickets_sold", "num_checked_in", "date", "description", "created_at", "updated_at") VALUES ($1, $2, $3, $4, $5, $6, $7, $8) RETURNING "id"[0m  [["name", "Test Event 4"], ["max_size", 10], ["tickets_sold", 3], ["num_checked_in", 6], ["date", "2021-02-22 00:00:00"], ["description", "This is a test"], ["created_at", "2021-02-22 03:58:35.947942"], ["updated_at", "2021-02-22 03:58:35.947942"]]
  [1m[36mTRANSACTION (0.3ms)[0m  [1m[35mCOMMIT[0m
  [1m[36mTRANSACTION (0.1ms)[0m  [1m[35mBEGIN[0m
  [1m[36mEvent Create (0.2ms)[0m  [1m[32mINSERT INTO "events" ("name", "max_size", "tickets_sold", "num_checked_in", "date", "description", "created_at", "updated_at") VALUES ($1, $2, $3, $4, $5, $6, $7, $8) RETURNING "id"[0m  [["name", "Test Event 5"], ["max_size", 10], ["tickets_sold", 4], ["num_checked_in", 8], ["date", "2021-02-22 00:00:00"], ["description", "This is a test"], ["created_at", "2021-02-22 03:58:35.951162"], ["updated_at", "2021-02-22 03:58:35.951162"]]
  [1m[36mTRANSACTION (0.4ms)[0m  [1m[35mCOMMIT[0m
  [1m[36mTRANSACTION (0.1ms)[0m  [1m[35mBEGIN[0m
  [1m[36mEvent Create (0.2ms)[0m  [1m[32mINSERT INTO "events" ("name", "max_size", "tickets_sold", "num_checked_in", "date", "description", "created_at", "updated_at") VALUES ($1, $2, $3, $4, $5, $6, $7, $8) RETURNING "id"[0m  [["name", "Test Event 6"], ["max_size", 10], ["tickets_sold", 5], ["num_checked_in", 10], ["date", "2021-02-22 00:00:00"], ["description", "This is a test"], ["created_at", "2021-02-22 03:58:35.954410"], ["updated_at", "2021-02-22 03:58:35.954410"]]
  [1m[36mTRANSACTION (0.4ms)[0m  [1m[35mCOMMIT[0m
  [1m[36mTRANSACTION (0.1ms)[0m  [1m[35mBEGIN[0m
  [1m[36mEvent Create (0.2ms)[0m  [1m[32mINSERT INTO "events" ("name", "max_size", "tickets_sold", "num_checked_in", "date", "description", "created_at", "updated_at") VALUES ($1, $2, $3, $4, $5, $6, $7, $8) RETURNING "id"[0m  [["name", "Test Event 7"], ["max_size", 10], ["tickets_sold", 6], ["num_checked_in", 12], ["date", "2021-02-22 00:00:00"], ["description", "This is a test"], ["created_at", "2021-02-22 03:58:35.957986"], ["updated_at", "2021-02-22 03:58:35.957986"]]
  [1m[36mTRANSACTION (0.4ms)[0m  [1m[35mCOMMIT[0m
  [1m[36mTRANSACTION (0.1ms)[0m  [1m[35mBEGIN[0m
  [1m[36mEvent Create (0.2ms)[0m  [1m[32mINSERT INTO "events" ("name", "max_size", "tickets_sold", "num_checked_in", "date", "description", "created_at", "updated_at") VALUES ($1, $2, $3, $4, $5, $6, $7, $8) RETURNING "id"[0m  [["name", "Test Event 8"], ["max_size", 10], ["tickets_sold", 7], ["num_checked_in", 14], ["date", "2021-02-22 00:00:00"], ["description", "This is a test"], ["created_at", "2021-02-22 03:58:35.961265"], ["updated_at", "2021-02-22 03:58:35.961265"]]
  [1m[36mTRANSACTION (0.4ms)[0m  [1m[35mCOMMIT[0m
  [1m[36mTRANSACTION (0.1ms)[0m  [1m[35mBEGIN[0m
  [1m[36mEvent Create (0.2ms)[0m  [1m[32mINSERT INTO "events" ("name", "max_size", "tickets_sold", "num_checked_in", "date", "description", "created_at", "updated_at") VALUES ($1, $2, $3, $4, $5, $6, $7, $8) RETURNING "id"[0m  [["name", "Test Event 9"], ["max_size", 10], ["tickets_sold", 8], ["num_checked_in", 16], ["date", "2021-02-22 00:00:00"], ["description", "This is a test"], ["created_at", "2021-02-22 03:58:35.964531"], ["updated_at", "2021-02-22 03:58:35.964531"]]
  [1m[36mTRANSACTION (0.3ms)[0m  [1m[35mCOMMIT[0m
  [1m[35m (0.1ms)[0m  [1m[34mSELECT pg_try_advisory_lock(4341533906286689490)[0m
  [1m[35m (0.4ms)[0m  [1m[34mSELECT "schema_migrations"."version" FROM "schema_migrations" ORDER BY "schema_migrations"."version" ASC[0m
  [1m[36mActiveRecord::InternalMetadata Load (0.3ms)[0m  [1m[34mSELECT "ar_internal_metadata".* FROM "ar_internal_metadata" WHERE "ar_internal_metadata"."key" = $1 LIMIT $2[0m  [["key", "environment"], ["LIMIT", 1]]
  [1m[35m (0.1ms)[0m  [1m[34mSELECT pg_advisory_unlock(4341533906286689490)[0m
  [1m[35m (0.4ms)[0m  [1m[34mSELECT "schema_migrations"."version" FROM "schema_migrations" ORDER BY "schema_migrations"."version" ASC[0m
Started GET "/events" for ::1 at 2021-02-21 21:59:03 -0600
  [1m[35m (0.8ms)[0m  [1m[34mSELECT "schema_migrations"."version" FROM "schema_migrations" ORDER BY "schema_migrations"."version" ASC[0m
Processing by HomepageController#index as HTML
  Parameters: {"path"=>"events"}
  Rendering layout layouts/application.html.erb
  Rendering homepage/index.html.erb within layouts/application
  Rendered homepage/index.html.erb within layouts/application (Duration: 0.6ms | Allocations: 277)
[Webpacker] Everything's up-to-date. Nothing to do
[Webpacker] Everything's up-to-date. Nothing to do
  Rendered layout layouts/application.html.erb (Duration: 15.9ms | Allocations: 8971)
Completed 200 OK in 25ms (Views: 18.3ms | ActiveRecord: 0.0ms | Allocations: 12131)


Started GET "/api/v1/events/index" for ::1 at 2021-02-21 21:59:03 -0600
Processing by Api::V1::EventsController#index as */*
  [1m[36mEvent Load (1.4ms)[0m  [1m[34mSELECT "events".* FROM "events" ORDER BY "events"."created_at" DESC[0m
  ↳ app/controllers/api/v1/events_controller.rb:4:in `index'
Completed 200 OK in 20ms (Views: 7.8ms | ActiveRecord: 5.8ms | Allocations: 10826)


Started GET "/api/v1/events/show/2" for ::1 at 2021-02-21 21:59:05 -0600
Processing by Api::V1::EventsController#show as */*
  Parameters: {"id"=>"2"}
  [1m[36mEvent Load (0.8ms)[0m  [1m[34mSELECT "events".* FROM "events" WHERE "events"."id" = $1 LIMIT $2[0m  [["id", 2], ["LIMIT", 1]]
  ↳ app/controllers/api/v1/events_controller.rb:36:in `event'
Completed 200 OK in 6ms (Views: 0.5ms | ActiveRecord: 1.5ms | Allocations: 1887)


Started GET "/api/v1/events/index" for ::1 at 2021-02-21 21:59:10 -0600
Processing by Api::V1::EventsController#index as */*
  [1m[36mEvent Load (0.8ms)[0m  [1m[34mSELECT "events".* FROM "events" ORDER BY "events"."created_at" DESC[0m
  ↳ app/controllers/api/v1/events_controller.rb:4:in `index'
Completed 200 OK in 5ms (Views: 3.1ms | ActiveRecord: 0.8ms | Allocations: 2289)


Started GET "/api/v1/events/show/8" for ::1 at 2021-02-21 21:59:25 -0600
Processing by Api::V1::EventsController#show as */*
  Parameters: {"id"=>"8"}
  [1m[36mEvent Load (0.9ms)[0m  [1m[34mSELECT "events".* FROM "events" WHERE "events"."id" = $1 LIMIT $2[0m  [["id", 8], ["LIMIT", 1]]
  ↳ app/controllers/api/v1/events_controller.rb:36:in `event'
Completed 200 OK in 4ms (Views: 0.4ms | ActiveRecord: 0.9ms | Allocations: 1113)


Started GET "/api/v1/events/index" for ::1 at 2021-02-21 21:59:33 -0600
Processing by Api::V1::EventsController#index as */*
  [1m[36mEvent Load (0.9ms)[0m  [1m[34mSELECT "events".* FROM "events" ORDER BY "events"."created_at" DESC[0m
  ↳ app/controllers/api/v1/events_controller.rb:4:in `index'
Completed 200 OK in 5ms (Views: 2.7ms | ActiveRecord: 0.9ms | Allocations: 2289)


Started POST "/api/v1/events/create" for ::1 at 2021-02-21 21:59:52 -0600
Processing by Api::V1::EventsController#create as */*
  Parameters: {"name"=>"my event", "max_size"=>"500", "tickets_sold"=>"25", "num_checked_in"=>"22", "date"=>"Feb 21 2021", "description"=>"My event", "event"=>{"name"=>"my event", "max_size"=>"500", "tickets_sold"=>"25", "num_checked_in"=>"22", "date"=>"Feb 21 2021", "description"=>"My event"}}
[31mUnpermitted parameter: :event[0m
  [1m[36mTRANSACTION (0.7ms)[0m  [1m[35mBEGIN[0m
  ↳ app/controllers/api/v1/events_controller.rb:8:in `create'
  [1m[36mEvent Create (1.0ms)[0m  [1m[32mINSERT INTO "events" ("name", "max_size", "tickets_sold", "num_checked_in", "date", "description", "created_at", "updated_at") VALUES ($1, $2, $3, $4, $5, $6, $7, $8) RETURNING "id"[0m  [["name", "my event"], ["max_size", 500], ["tickets_sold", 25], ["num_checked_in", 22], ["date", "2021-02-21 00:00:00"], ["description", "My event"], ["created_at", "2021-02-22 03:59:52.062046"], ["updated_at", "2021-02-22 03:59:52.062046"]]
  ↳ app/controllers/api/v1/events_controller.rb:8:in `create'
  [1m[36mTRANSACTION (6.5ms)[0m  [1m[35mCOMMIT[0m
  ↳ app/controllers/api/v1/events_controller.rb:8:in `create'
Completed 200 OK in 15ms (Views: 0.4ms | ActiveRecord: 8.3ms | Allocations: 3639)


Started GET "/api/v1/events/show/10" for ::1 at 2021-02-21 21:59:52 -0600
Processing by Api::V1::EventsController#show as */*
  Parameters: {"id"=>"10"}
  [1m[36mEvent Load (1.3ms)[0m  [1m[34mSELECT "events".* FROM "events" WHERE "events"."id" = $1 LIMIT $2[0m  [["id", 10], ["LIMIT", 1]]
  ↳ app/controllers/api/v1/events_controller.rb:36:in `event'
Completed 200 OK in 6ms (Views: 0.6ms | ActiveRecord: 1.3ms | Allocations: 1097)


Started DELETE "/api/v1/events/destroy/10" for ::1 at 2021-02-21 21:59:58 -0600
Processing by Api::V1::EventsController#destroy as */*
  Parameters: {"id"=>"10", "event"=>{}}
  [1m[36mEvent Load (0.7ms)[0m  [1m[34mSELECT "events".* FROM "events" WHERE "events"."id" = $1 LIMIT $2[0m  [["id", 10], ["LIMIT", 1]]
  ↳ app/controllers/api/v1/events_controller.rb:36:in `event'
  [1m[36mTRANSACTION (0.7ms)[0m  [1m[35mBEGIN[0m
  ↳ app/controllers/api/v1/events_controller.rb:25:in `destroy'
  [1m[36mEvent Destroy (11.0ms)[0m  [1m[31mDELETE FROM "events" WHERE "events"."id" = $1[0m  [["id", 10]]
  ↳ app/controllers/api/v1/events_controller.rb:25:in `destroy'
  [1m[36mTRANSACTION (1.1ms)[0m  [1m[35mCOMMIT[0m
  ↳ app/controllers/api/v1/events_controller.rb:25:in `destroy'
Completed 200 OK in 18ms (Views: 0.2ms | ActiveRecord: 13.5ms | Allocations: 2860)


Started GET "/api/v1/events/index" for ::1 at 2021-02-21 21:59:58 -0600
Processing by Api::V1::EventsController#index as */*
  [1m[36mEvent Load (1.0ms)[0m  [1m[34mSELECT "events".* FROM "events" ORDER BY "events"."created_at" DESC[0m
  ↳ app/controllers/api/v1/events_controller.rb:4:in `index'
Completed 200 OK in 5ms (Views: 2.9ms | ActiveRecord: 1.0ms | Allocations: 2289)


Started GET "/api/v1/events/show/4" for ::1 at 2021-02-21 22:00:02 -0600
Processing by Api::V1::EventsController#show as */*
  Parameters: {"id"=>"4"}
  [1m[36mEvent Load (1.0ms)[0m  [1m[34mSELECT "events".* FROM "events" WHERE "events"."id" = $1 LIMIT $2[0m  [["id", 4], ["LIMIT", 1]]
  ↳ app/controllers/api/v1/events_controller.rb:36:in `event'
Completed 200 OK in 5ms (Views: 0.7ms | ActiveRecord: 1.0ms | Allocations: 1097)


Started GET "/api/v1/events/index" for ::1 at 2021-02-21 22:00:04 -0600
Processing by Api::V1::EventsController#index as */*
  [1m[36mEvent Load (1.0ms)[0m  [1m[34mSELECT "events".* FROM "events" ORDER BY "events"."created_at" DESC[0m
  ↳ app/controllers/api/v1/events_controller.rb:4:in `index'
Completed 200 OK in 5ms (Views: 2.8ms | ActiveRecord: 1.0ms | Allocations: 2289)


Started POST "/api/v1/events/create" for ::1 at 2021-02-21 22:00:21 -0600
Processing by Api::V1::EventsController#create as */*
  Parameters: {"name"=>"my event", "max_size"=>"500", "tickets_sold"=>"24", "num_checked_in"=>"22", "date"=>"Feb 21", "description"=>"my event", "event"=>{"name"=>"my event", "max_size"=>"500", "tickets_sold"=>"24", "num_checked_in"=>"22", "date"=>"Feb 21", "description"=>"my event"}}
[31mUnpermitted parameter: :event[0m
  [1m[36mTRANSACTION (0.7ms)[0m  [1m[35mBEGIN[0m
  ↳ app/controllers/api/v1/events_controller.rb:8:in `create'
  [1m[36mEvent Create (0.8ms)[0m  [1m[32mINSERT INTO "events" ("name", "max_size", "tickets_sold", "num_checked_in", "date", "description", "created_at", "updated_at") VALUES ($1, $2, $3, $4, $5, $6, $7, $8) RETURNING "id"[0m  [["name", "my event"], ["max_size", 500], ["tickets_sold", 24], ["num_checked_in", 22], ["date", "2021-02-21 00:00:00"], ["description", "my event"], ["created_at", "2021-02-22 04:00:21.035834"], ["updated_at", "2021-02-22 04:00:21.035834"]]
  ↳ app/controllers/api/v1/events_controller.rb:8:in `create'
  [1m[36mTRANSACTION (6.4ms)[0m  [1m[35mCOMMIT[0m
  ↳ app/controllers/api/v1/events_controller.rb:8:in `create'
Completed 200 OK in 12ms (Views: 0.3ms | ActiveRecord: 7.8ms | Allocations: 2941)


Started GET "/api/v1/events/show/11" for ::1 at 2021-02-21 22:00:21 -0600
Processing by Api::V1::EventsController#show as */*
  Parameters: {"id"=>"11"}
  [1m[36mEvent Load (0.9ms)[0m  [1m[34mSELECT "events".* FROM "events" WHERE "events"."id" = $1 LIMIT $2[0m  [["id", 11], ["LIMIT", 1]]
  ↳ app/controllers/api/v1/events_controller.rb:36:in `event'
Completed 200 OK in 5ms (Views: 1.2ms | ActiveRecord: 0.9ms | Allocations: 1097)


Started GET "/api/v1/events/index" for ::1 at 2021-02-21 22:00:22 -0600
Processing by Api::V1::EventsController#index as */*
  [1m[36mEvent Load (0.8ms)[0m  [1m[34mSELECT "events".* FROM "events" ORDER BY "events"."created_at" DESC[0m
  ↳ app/controllers/api/v1/events_controller.rb:4:in `index'
Completed 200 OK in 5ms (Views: 2.8ms | ActiveRecord: 0.8ms | Allocations: 2418)


Started GET "/api/v1/events/show/11" for ::1 at 2021-02-21 22:00:24 -0600
Processing by Api::V1::EventsController#show as */*
  Parameters: {"id"=>"11"}
  [1m[36mEvent Load (0.9ms)[0m  [1m[34mSELECT "events".* FROM "events" WHERE "events"."id" = $1 LIMIT $2[0m  [["id", 11], ["LIMIT", 1]]
  ↳ app/controllers/api/v1/events_controller.rb:36:in `event'
Completed 200 OK in 4ms (Views: 0.5ms | ActiveRecord: 0.9ms | Allocations: 1098)


Started GET "/api/v1/events/index" for ::1 at 2021-02-21 22:00:25 -0600
Processing by Api::V1::EventsController#index as */*
  [1m[36mEvent Load (0.8ms)[0m  [1m[34mSELECT "events".* FROM "events" ORDER BY "events"."created_at" DESC[0m
  ↳ app/controllers/api/v1/events_controller.rb:4:in `index'
Completed 200 OK in 5ms (Views: 3.3ms | ActiveRecord: 0.8ms | Allocations: 2433)


  [1m[35m (7.4ms)[0m  [1m[34mSELECT pg_try_advisory_lock(4341533906286689490)[0m
  [1m[35m (0.8ms)[0m  [1m[34mSELECT "schema_migrations"."version" FROM "schema_migrations" ORDER BY "schema_migrations"."version" ASC[0m
  [1m[36mActiveRecord::InternalMetadata Load (0.5ms)[0m  [1m[34mSELECT "ar_internal_metadata".* FROM "ar_internal_metadata" WHERE "ar_internal_metadata"."key" = $1 LIMIT $2[0m  [["key", "environment"], ["LIMIT", 1]]
  [1m[35m (0.1ms)[0m  [1m[34mSELECT pg_advisory_unlock(4341533906286689490)[0m
  [1m[35m (0.4ms)[0m  [1m[34mSELECT "schema_migrations"."version" FROM "schema_migrations" ORDER BY "schema_migrations"."version" ASC[0m
  [1m[35m (0.3ms)[0m  [1m[34mSELECT pg_try_advisory_lock(4341533906286689490)[0m
  [1m[35m (0.8ms)[0m  [1m[34mSELECT "schema_migrations"."version" FROM "schema_migrations" ORDER BY "schema_migrations"."version" ASC[0m
  [1m[36mActiveRecord::InternalMetadata Load (0.4ms)[0m  [1m[34mSELECT "ar_internal_metadata".* FROM "ar_internal_metadata" WHERE "ar_internal_metadata"."key" = $1 LIMIT $2[0m  [["key", "environment"], ["LIMIT", 1]]
  [1m[35m (0.2ms)[0m  [1m[34mSELECT pg_advisory_unlock(4341533906286689490)[0m
  [1m[35m (0.5ms)[0m  [1m[34mSELECT "schema_migrations"."version" FROM "schema_migrations" ORDER BY "schema_migrations"."version" ASC[0m
  [1m[35m (0.7ms)[0m  [1m[34mSELECT "schema_migrations"."version" FROM "schema_migrations" ORDER BY "schema_migrations"."version" ASC[0m
  [1m[36mTRANSACTION (0.1ms)[0m  [1m[35mBEGIN[0m
  [1m[36mEvent Create (2.8ms)[0m  [1m[32mINSERT INTO "events" ("name", "max_size", "tickets_sold", "num_checked_in", "date", "description", "created_at", "updated_at") VALUES ($1, $2, $3, $4, $5, $6, $7, $8) RETURNING "id"[0m  [["name", "Test Event 1"], ["max_size", 10], ["tickets_sold", 0], ["num_checked_in", 0], ["date", "2021-03-01 00:00:00"], ["description", "This is a test"], ["created_at", "2021-03-01 00:49:15.699452"], ["updated_at", "2021-03-01 00:49:15.699452"]]
  [1m[36mTRANSACTION (0.7ms)[0m  [1m[35mCOMMIT[0m
  [1m[36mTRANSACTION (0.1ms)[0m  [1m[35mBEGIN[0m
  [1m[36mEvent Create (0.2ms)[0m  [1m[32mINSERT INTO "events" ("name", "max_size", "tickets_sold", "num_checked_in", "date", "description", "created_at", "updated_at") VALUES ($1, $2, $3, $4, $5, $6, $7, $8) RETURNING "id"[0m  [["name", "Test Event 2"], ["max_size", 10], ["tickets_sold", 1], ["num_checked_in", 2], ["date", "2021-03-01 00:00:00"], ["description", "This is a test"], ["created_at", "2021-03-01 00:49:15.707032"], ["updated_at", "2021-03-01 00:49:15.707032"]]
  [1m[36mTRANSACTION (0.3ms)[0m  [1m[35mCOMMIT[0m
  [1m[36mTRANSACTION (0.1ms)[0m  [1m[35mBEGIN[0m
  [1m[36mEvent Create (1.1ms)[0m  [1m[32mINSERT INTO "events" ("name", "max_size", "tickets_sold", "num_checked_in", "date", "description", "created_at", "updated_at") VALUES ($1, $2, $3, $4, $5, $6, $7, $8) RETURNING "id"[0m  [["name", "Test Event 3"], ["max_size", 10], ["tickets_sold", 2], ["num_checked_in", 4], ["date", "2021-03-01 00:00:00"], ["description", "This is a test"], ["created_at", "2021-03-01 00:49:15.711172"], ["updated_at", "2021-03-01 00:49:15.711172"]]
  [1m[36mTRANSACTION (0.6ms)[0m  [1m[35mCOMMIT[0m
  [1m[36mTRANSACTION (0.1ms)[0m  [1m[35mBEGIN[0m
  [1m[36mEvent Create (0.3ms)[0m  [1m[32mINSERT INTO "events" ("name", "max_size", "tickets_sold", "num_checked_in", "date", "description", "created_at", "updated_at") VALUES ($1, $2, $3, $4, $5, $6, $7, $8) RETURNING "id"[0m  [["name", "Test Event 4"], ["max_size", 10], ["tickets_sold", 3], ["num_checked_in", 6], ["date", "2021-03-01 00:00:00"], ["description", "This is a test"], ["created_at", "2021-03-01 00:49:15.716979"], ["updated_at", "2021-03-01 00:49:15.716979"]]
  [1m[36mTRANSACTION (0.3ms)[0m  [1m[35mCOMMIT[0m
  [1m[36mTRANSACTION (0.1ms)[0m  [1m[35mBEGIN[0m
  [1m[36mEvent Create (0.8ms)[0m  [1m[32mINSERT INTO "events" ("name", "max_size", "tickets_sold", "num_checked_in", "date", "description", "created_at", "updated_at") VALUES ($1, $2, $3, $4, $5, $6, $7, $8) RETURNING "id"[0m  [["name", "Test Event 5"], ["max_size", 10], ["tickets_sold", 4], ["num_checked_in", 8], ["date", "2021-03-01 00:00:00"], ["description", "This is a test"], ["created_at", "2021-03-01 00:49:15.720306"], ["updated_at", "2021-03-01 00:49:15.720306"]]
  [1m[36mTRANSACTION (0.3ms)[0m  [1m[35mCOMMIT[0m
  [1m[36mTRANSACTION (0.1ms)[0m  [1m[35mBEGIN[0m
  [1m[36mEvent Create (0.2ms)[0m  [1m[32mINSERT INTO "events" ("name", "max_size", "tickets_sold", "num_checked_in", "date", "description", "created_at", "updated_at") VALUES ($1, $2, $3, $4, $5, $6, $7, $8) RETURNING "id"[0m  [["name", "Test Event 6"], ["max_size", 10], ["tickets_sold", 5], ["num_checked_in", 10], ["date", "2021-03-01 00:00:00"], ["description", "This is a test"], ["created_at", "2021-03-01 00:49:15.724084"], ["updated_at", "2021-03-01 00:49:15.724084"]]
  [1m[36mTRANSACTION (0.3ms)[0m  [1m[35mCOMMIT[0m
  [1m[36mTRANSACTION (0.1ms)[0m  [1m[35mBEGIN[0m
  [1m[36mEvent Create (0.3ms)[0m  [1m[32mINSERT INTO "events" ("name", "max_size", "tickets_sold", "num_checked_in", "date", "description", "created_at", "updated_at") VALUES ($1, $2, $3, $4, $5, $6, $7, $8) RETURNING "id"[0m  [["name", "Test Event 7"], ["max_size", 10], ["tickets_sold", 6], ["num_checked_in", 12], ["date", "2021-03-01 00:00:00"], ["description", "This is a test"], ["created_at", "2021-03-01 00:49:15.727127"], ["updated_at", "2021-03-01 00:49:15.727127"]]
  [1m[36mTRANSACTION (0.3ms)[0m  [1m[35mCOMMIT[0m
  [1m[36mTRANSACTION (0.1ms)[0m  [1m[35mBEGIN[0m
  [1m[36mEvent Create (0.3ms)[0m  [1m[32mINSERT INTO "events" ("name", "max_size", "tickets_sold", "num_checked_in", "date", "description", "created_at", "updated_at") VALUES ($1, $2, $3, $4, $5, $6, $7, $8) RETURNING "id"[0m  [["name", "Test Event 8"], ["max_size", 10], ["tickets_sold", 7], ["num_checked_in", 14], ["date", "2021-03-01 00:00:00"], ["description", "This is a test"], ["created_at", "2021-03-01 00:49:15.730763"], ["updated_at", "2021-03-01 00:49:15.730763"]]
  [1m[36mTRANSACTION (0.4ms)[0m  [1m[35mCOMMIT[0m
  [1m[36mTRANSACTION (0.1ms)[0m  [1m[35mBEGIN[0m
  [1m[36mEvent Create (0.3ms)[0m  [1m[32mINSERT INTO "events" ("name", "max_size", "tickets_sold", "num_checked_in", "date", "description", "created_at", "updated_at") VALUES ($1, $2, $3, $4, $5, $6, $7, $8) RETURNING "id"[0m  [["name", "Test Event 9"], ["max_size", 10], ["tickets_sold", 8], ["num_checked_in", 16], ["date", "2021-03-01 00:00:00"], ["description", "This is a test"], ["created_at", "2021-03-01 00:49:15.734437"], ["updated_at", "2021-03-01 00:49:15.734437"]]
  [1m[36mTRANSACTION (0.4ms)[0m  [1m[35mCOMMIT[0m
  [1m[36mTRANSACTION (0.2ms)[0m  [1m[35mBEGIN[0m
  [1m[36mRole Create (18.5ms)[0m  [1m[32mINSERT INTO "roles" ("name", "description", "created_at", "updated_at") VALUES ($1, $2, $3, $4) RETURNING "id"[0m  [["name", "Test 0"], ["description", "Just a test role"], ["created_at", "2021-03-01 00:49:15.744929"], ["updated_at", "2021-03-01 00:49:15.744929"]]
  [1m[36mTRANSACTION (0.5ms)[0m  [1m[35mCOMMIT[0m
  [1m[36mTRANSACTION (0.2ms)[0m  [1m[35mBEGIN[0m
  [1m[36mRole Create (0.2ms)[0m  [1m[32mINSERT INTO "roles" ("name", "description", "created_at", "updated_at") VALUES ($1, $2, $3, $4) RETURNING "id"[0m  [["name", "Test 1"], ["description", "Just a test role"], ["created_at", "2021-03-01 00:49:15.767160"], ["updated_at", "2021-03-01 00:49:15.767160"]]
  [1m[36mTRANSACTION (0.4ms)[0m  [1m[35mCOMMIT[0m
  [1m[35m (0.5ms)[0m  [1m[34mSELECT "schema_migrations"."version" FROM "schema_migrations" ORDER BY "schema_migrations"."version" ASC[0m
  [1m[35m (0.2ms)[0m  [1m[34mSELECT "schema_migrations"."version" FROM "schema_migrations" ORDER BY "schema_migrations"."version" ASC[0m
  [1m[35m (0.2ms)[0m  [1m[34mSELECT pg_try_advisory_lock(4341533906286689490)[0m
  [1m[35m (0.2ms)[0m  [1m[34mSELECT "schema_migrations"."version" FROM "schema_migrations" ORDER BY "schema_migrations"."version" ASC[0m
Migrating to CreateReferrals (20210215220810)
  [1m[36mTRANSACTION (0.1ms)[0m  [1m[35mBEGIN[0m
  [1m[35m (25.3ms)[0m  [1m[35mDROP TABLE "referrals"[0m
  [1m[36mActiveRecord::SchemaMigration Destroy (0.5ms)[0m  [1m[31mDELETE FROM "schema_migrations" WHERE "schema_migrations"."version" = $1[0m  [["version", "20210215220810"]]
  [1m[36mTRANSACTION (5.3ms)[0m  [1m[35mCOMMIT[0m
Migrating to CreateEventattendances (20210215220629)
  [1m[36mTRANSACTION (0.2ms)[0m  [1m[35mBEGIN[0m
  [1m[35m (0.8ms)[0m  [1m[35mDROP TABLE "eventattendances"[0m
  [1m[36mActiveRecord::SchemaMigration Destroy (0.3ms)[0m  [1m[31mDELETE FROM "schema_migrations" WHERE "schema_migrations"."version" = $1[0m  [["version", "20210215220629"]]
  [1m[36mTRANSACTION (12.8ms)[0m  [1m[35mCOMMIT[0m
Migrating to CreateAttendees (20210211023537)
  [1m[36mTRANSACTION (0.2ms)[0m  [1m[35mBEGIN[0m
  [1m[35m (14.4ms)[0m  [1m[35mDROP TABLE "attendees"[0m
  [1m[36mActiveRecord::SchemaMigration Destroy (0.6ms)[0m  [1m[31mDELETE FROM "schema_migrations" WHERE "schema_migrations"."version" = $1[0m  [["version", "20210211023537"]]
  [1m[36mTRANSACTION (6.5ms)[0m  [1m[35mCOMMIT[0m
Migrating to CreateAnnouncements (20210211023531)
  [1m[36mTRANSACTION (0.3ms)[0m  [1m[35mBEGIN[0m
  [1m[35m (8.5ms)[0m  [1m[35mDROP TABLE "announcements"[0m
  [1m[36mActiveRecord::SchemaMigration Destroy (0.3ms)[0m  [1m[31mDELETE FROM "schema_migrations" WHERE "schema_migrations"."version" = $1[0m  [["version", "20210211023531"]]
  [1m[36mTRANSACTION (6.6ms)[0m  [1m[35mCOMMIT[0m
Migrating to CreateMembers (20210211023523)
  [1m[36mTRANSACTION (0.2ms)[0m  [1m[35mBEGIN[0m
  [1m[35m (0.7ms)[0m  [1m[35mDROP TABLE "members"[0m
  [1m[36mActiveRecord::SchemaMigration Destroy (0.2ms)[0m  [1m[31mDELETE FROM "schema_migrations" WHERE "schema_migrations"."version" = $1[0m  [["version", "20210211023523"]]
  [1m[36mTRANSACTION (6.5ms)[0m  [1m[35mCOMMIT[0m
Migrating to CreateRoles (20210211023522)
  [1m[36mTRANSACTION (0.2ms)[0m  [1m[35mBEGIN[0m
  [1m[35m (0.6ms)[0m  [1m[35mDROP TABLE "roles"[0m
  [1m[36mActiveRecord::SchemaMigration Destroy (0.4ms)[0m  [1m[31mDELETE FROM "schema_migrations" WHERE "schema_migrations"."version" = $1[0m  [["version", "20210211023522"]]
  [1m[36mTRANSACTION (7.0ms)[0m  [1m[35mCOMMIT[0m
Migrating to CreateEvents (20210211023456)
  [1m[36mTRANSACTION (0.4ms)[0m  [1m[35mBEGIN[0m
  [1m[35m (1.1ms)[0m  [1m[35mDROP TABLE "events"[0m
  [1m[36mActiveRecord::SchemaMigration Destroy (0.4ms)[0m  [1m[31mDELETE FROM "schema_migrations" WHERE "schema_migrations"."version" = $1[0m  [["version", "20210211023456"]]
  [1m[36mTRANSACTION (6.6ms)[0m  [1m[35mCOMMIT[0m
  [1m[35m (0.4ms)[0m  [1m[34mSELECT pg_advisory_unlock(4341533906286689490)[0m
  [1m[35m (0.8ms)[0m  [1m[34mSELECT "schema_migrations"."version" FROM "schema_migrations" ORDER BY "schema_migrations"."version" ASC[0m
  [1m[35m (0.2ms)[0m  [1m[34mSELECT pg_try_advisory_lock(4341533906286689490)[0m
  [1m[35m (0.4ms)[0m  [1m[34mSELECT "schema_migrations"."version" FROM "schema_migrations" ORDER BY "schema_migrations"."version" ASC[0m
Migrating to CreateEvents (20210211023456)
  [1m[36mTRANSACTION (0.1ms)[0m  [1m[35mBEGIN[0m
  [1m[35m (11.4ms)[0m  [1m[35mCREATE TABLE "events" ("id" bigserial primary key, "name" character varying NOT NULL, "max_size" integer NOT NULL, "tickets_sold" integer DEFAULT 0 NOT NULL, "num_checked_in" integer DEFAULT 0 NOT NULL, "date" timestamp, "description" text, "created_at" timestamp(6) NOT NULL, "updated_at" timestamp(6) NOT NULL)[0m
  [1m[36mActiveRecord::SchemaMigration Create (0.3ms)[0m  [1m[32mINSERT INTO "schema_migrations" ("version") VALUES ($1) RETURNING "version"[0m  [["version", "20210211023456"]]
  [1m[36mTRANSACTION (0.5ms)[0m  [1m[35mCOMMIT[0m
Migrating to CreateRoles (20210211023522)
  [1m[36mTRANSACTION (0.3ms)[0m  [1m[35mBEGIN[0m
  [1m[35m (3.3ms)[0m  [1m[35mCREATE TABLE "roles" ("id" bigserial primary key, "name" character varying, "description" text, "created_at" timestamp(6) NOT NULL, "updated_at" timestamp(6) NOT NULL)[0m
  [1m[35m (1.2ms)[0m  [1m[35mCREATE UNIQUE INDEX "index_roles_on_name" ON "roles" ("name")[0m
  [1m[36mActiveRecord::SchemaMigration Create (0.3ms)[0m  [1m[32mINSERT INTO "schema_migrations" ("version") VALUES ($1) RETURNING "version"[0m  [["version", "20210211023522"]]
  [1m[36mTRANSACTION (1.2ms)[0m  [1m[35mCOMMIT[0m
Migrating to CreateMembers (20210211023523)
  [1m[36mTRANSACTION (0.3ms)[0m  [1m[35mBEGIN[0m
  [1m[35m (4.5ms)[0m  [1m[35mCREATE TABLE "members" ("id" bigserial primary key, "role_id" bigint, "name" character varying NOT NULL, "num_referrals" integer DEFAULT 0 NOT NULL, "created_at" timestamp(6) NOT NULL, "updated_at" timestamp(6) NOT NULL, CONSTRAINT "fk_rails_ba7343b1aa"
FOREIGN KEY ("role_id")
  REFERENCES "roles" ("id")
)[0m
  [1m[35m (0.9ms)[0m  [1m[35mCREATE INDEX "index_members_on_role_id" ON "members" ("role_id")[0m
  [1m[36mActiveRecord::SchemaMigration Create (0.2ms)[0m  [1m[32mINSERT INTO "schema_migrations" ("version") VALUES ($1) RETURNING "version"[0m  [["version", "20210211023523"]]
  [1m[36mTRANSACTION (1.0ms)[0m  [1m[35mCOMMIT[0m
Migrating to CreateAnnouncements (20210211023531)
  [1m[36mTRANSACTION (0.4ms)[0m  [1m[35mBEGIN[0m
  [1m[35m (4.2ms)[0m  [1m[35mCREATE TABLE "announcements" ("id" bigserial primary key, "author_id" bigint, "event_id" bigint, "content" text, "date_posted" timestamp, "created_at" timestamp(6) NOT NULL, "updated_at" timestamp(6) NOT NULL, CONSTRAINT "fk_rails_994ada01bd"
FOREIGN KEY ("author_id")
  REFERENCES "members" ("id")
, CONSTRAINT "fk_rails_1c38ebbbf3"
FOREIGN KEY ("event_id")
  REFERENCES "events" ("id")
)[0m
  [1m[35m (1.1ms)[0m  [1m[35mCREATE INDEX "index_announcements_on_author_id" ON "announcements" ("author_id")[0m
  [1m[35m (1.0ms)[0m  [1m[35mCREATE INDEX "index_announcements_on_event_id" ON "announcements" ("event_id")[0m
  [1m[36mActiveRecord::SchemaMigration Create (0.2ms)[0m  [1m[32mINSERT INTO "schema_migrations" ("version") VALUES ($1) RETURNING "version"[0m  [["version", "20210211023531"]]
  [1m[36mTRANSACTION (0.5ms)[0m  [1m[35mCOMMIT[0m
Migrating to CreateAttendees (20210211023537)
  [1m[36mTRANSACTION (0.3ms)[0m  [1m[35mBEGIN[0m
  [1m[35m (3.3ms)[0m  [1m[35mCREATE TABLE "attendees" ("id" bigserial primary key, "name" character varying NOT NULL, "email" character varying, "created_at" timestamp(6) NOT NULL, "updated_at" timestamp(6) NOT NULL)[0m
  [1m[35m (1.0ms)[0m  [1m[35mCREATE UNIQUE INDEX "index_attendees_on_email" ON "attendees" ("email")[0m
  [1m[36mActiveRecord::SchemaMigration Create (0.4ms)[0m  [1m[32mINSERT INTO "schema_migrations" ("version") VALUES ($1) RETURNING "version"[0m  [["version", "20210211023537"]]
  [1m[36mTRANSACTION (1.0ms)[0m  [1m[35mCOMMIT[0m
Migrating to CreateEventattendances (20210215220629)
  [1m[36mTRANSACTION (0.3ms)[0m  [1m[35mBEGIN[0m
  [1m[35m (3.5ms)[0m  [1m[35mCREATE TABLE "eventattendances" ("id" bigserial primary key, "event_id" bigint, "attendee_id" bigint, "created_at" timestamp(6) NOT NULL, "updated_at" timestamp(6) NOT NULL)[0m
  [1m[35m (1.6ms)[0m  [1m[35mCREATE INDEX "index_eventattendances_on_event_id" ON "eventattendances" ("event_id")[0m
  [1m[35m (1.1ms)[0m  [1m[35mCREATE INDEX "index_eventattendances_on_attendee_id" ON "eventattendances" ("attendee_id")[0m
  [1m[36mActiveRecord::SchemaMigration Create (0.2ms)[0m  [1m[32mINSERT INTO "schema_migrations" ("version") VALUES ($1) RETURNING "version"[0m  [["version", "20210215220629"]]
  [1m[36mTRANSACTION (0.4ms)[0m  [1m[35mCOMMIT[0m
Migrating to CreateReferrals (20210215220810)
  [1m[36mTRANSACTION (0.4ms)[0m  [1m[35mBEGIN[0m
  [1m[35m (2.7ms)[0m  [1m[35mCREATE TABLE "referrals" ("id" bigserial primary key, "member_id" bigint, "attendee_id" bigint, "created_at" timestamp(6) NOT NULL, "updated_at" timestamp(6) NOT NULL)[0m
  [1m[35m (0.9ms)[0m  [1m[35mCREATE INDEX "index_referrals_on_member_id" ON "referrals" ("member_id")[0m
  [1m[35m (0.8ms)[0m  [1m[35mCREATE INDEX "index_referrals_on_attendee_id" ON "referrals" ("attendee_id")[0m
  [1m[36mActiveRecord::SchemaMigration Create (0.2ms)[0m  [1m[32mINSERT INTO "schema_migrations" ("version") VALUES ($1) RETURNING "version"[0m  [["version", "20210215220810"]]
  [1m[36mTRANSACTION (1.2ms)[0m  [1m[35mCOMMIT[0m
  [1m[36mActiveRecord::InternalMetadata Load (0.4ms)[0m  [1m[34mSELECT "ar_internal_metadata".* FROM "ar_internal_metadata" WHERE "ar_internal_metadata"."key" = $1 LIMIT $2[0m  [["key", "environment"], ["LIMIT", 1]]
  [1m[35m (0.3ms)[0m  [1m[34mSELECT pg_advisory_unlock(4341533906286689490)[0m
  [1m[35m (0.8ms)[0m  [1m[34mSELECT "schema_migrations"."version" FROM "schema_migrations" ORDER BY "schema_migrations"."version" ASC[0m
Started GET "/" for ::1 at 2021-02-28 18:49:53 -0600
  [1m[35m (1.5ms)[0m  [1m[34mSELECT "schema_migrations"."version" FROM "schema_migrations" ORDER BY "schema_migrations"."version" ASC[0m
Processing by HomepageController#index as HTML
  Rendering layout layouts/application.html.erb
  Rendering homepage/index.html.erb within layouts/application
  Rendered homepage/index.html.erb within layouts/application (Duration: 1.1ms | Allocations: 278)
[Webpacker] Compiling...
[Webpacker] Compiled all packs in /Users/Snowspeeder/github/MSCFISHProgramAssistant/MSCFISHPA/public/packs
[Webpacker] Hash: 60cec2b66dcb2c35067f
Version: webpack 4.46.0
Time: 4885ms
Built at: 02/28/2021 6:50:01 PM
                                     Asset       Size       Chunks                         Chunk Names
          js/Index-5b409aa65d0f1a339c3d.js   2.67 MiB        Index  [emitted] [immutable]  Index
      js/Index-5b409aa65d0f1a339c3d.js.map   2.92 MiB        Index  [emitted] [dev]        Index
    js/application-b43fa54005da8e229d8c.js    125 KiB  application  [emitted] [immutable]  application
js/application-b43fa54005da8e229d8c.js.map    139 KiB  application  [emitted] [dev]        application
                             manifest.json  661 bytes               [emitted]              
Entrypoint application = js/application-b43fa54005da8e229d8c.js js/application-b43fa54005da8e229d8c.js.map
Entrypoint Index = js/Index-5b409aa65d0f1a339c3d.js js/Index-5b409aa65d0f1a339c3d.js.map
[./app/javascript/channels sync recursive _channel\.js$] ./app/javascript/channels sync _channel\.js$ 160 bytes {application} [built]
[./app/javascript/channels/index.js] 211 bytes {application} [built]
[./app/javascript/packs/Index.jsx] 677 bytes {Index} [built]
[./app/javascript/packs/application.js] 492 bytes {application} [built]
[./app/javascript/routes/Index.jsx] 1.74 KiB {Index} [built]
[./node_modules/webpack/buildin/global.js] (webpack)/buildin/global.js 905 bytes {Index} [built]
[./node_modules/webpack/buildin/module.js] (webpack)/buildin/module.js 552 bytes {application} {Index} [built]
    + 46 hidden modules

[Webpacker] Everything's up-to-date. Nothing to do
  Rendered layout layouts/application.html.erb (Duration: 8137.9ms | Allocations: 10516)
Completed 200 OK in 8154ms (Views: 8142.7ms | ActiveRecord: 0.0ms | Allocations: 13575)


Started GET "/api/v1/announcements/index" for ::1 at 2021-02-28 18:50:06 -0600
Processing by Api::V1::AnnouncementsController#index as */*
  [1m[36mAnnouncement Load (2.2ms)[0m  [1m[34mSELECT "announcements".* FROM "announcements" ORDER BY "announcements"."created_at" DESC[0m
  ↳ app/controllers/api/v1/announcements_controller.rb:4:in `index'
Completed 200 OK in 43ms (Views: 2.1ms | ActiveRecord: 26.5ms | Allocations: 3820)


Started GET "/api/v1/announcements/index" for ::1 at 2021-02-28 18:50:33 -0600
Processing by Api::V1::AnnouncementsController#index as */*
  [1m[36mAnnouncement Load (0.9ms)[0m  [1m[34mSELECT "announcements".* FROM "announcements" ORDER BY "announcements"."created_at" DESC[0m
  ↳ app/controllers/api/v1/announcements_controller.rb:4:in `index'
Completed 200 OK in 4ms (Views: 1.3ms | ActiveRecord: 0.9ms | Allocations: 1122)


Started GET "/" for 127.0.0.1 at 2021-02-28 19:06:40 -0600
  [1m[35m (7.0ms)[0m  [1m[34mSELECT "schema_migrations"."version" FROM "schema_migrations" ORDER BY "schema_migrations"."version" ASC[0m
Processing by HomepageController#index as HTML
  Rendering layout layouts/application.html.erb
  Rendering homepage/index.html.erb within layouts/application
  Rendered homepage/index.html.erb within layouts/application (Duration: 1.4ms | Allocations: 278)
[Webpacker] Everything's up-to-date. Nothing to do
[Webpacker] Everything's up-to-date. Nothing to do
  Rendered layout layouts/application.html.erb (Duration: 33.4ms | Allocations: 9027)
Completed 200 OK in 87ms (Views: 38.5ms | ActiveRecord: 0.0ms | Allocations: 12086)


Started GET "/" for 127.0.0.1 at 2021-02-28 19:06:42 -0600
Processing by HomepageController#index as HTML
  Rendering layout layouts/application.html.erb
  Rendering homepage/index.html.erb within layouts/application
  Rendered homepage/index.html.erb within layouts/application (Duration: 0.1ms | Allocations: 38)
[Webpacker] Everything's up-to-date. Nothing to do
[Webpacker] Everything's up-to-date. Nothing to do
  Rendered layout layouts/application.html.erb (Duration: 15.1ms | Allocations: 6532)
Completed 200 OK in 16ms (Views: 15.8ms | ActiveRecord: 0.0ms | Allocations: 7009)


Started GET "/api/v1/announcements/index" for 127.0.0.1 at 2021-02-28 19:06:45 -0600
Processing by Api::V1::AnnouncementsController#index as */*
  [1m[36mAnnouncement Load (2.4ms)[0m  [1m[34mSELECT "announcements".* FROM "announcements" ORDER BY "announcements"."created_at" DESC[0m
  ↳ app/controllers/api/v1/announcements_controller.rb:4:in `index'
Completed 200 OK in 23ms (Views: 2.9ms | ActiveRecord: 10.6ms | Allocations: 3744)


Started GET "/api/v1/announcements/index" for 127.0.0.1 at 2021-02-28 19:06:52 -0600
Processing by Api::V1::AnnouncementsController#index as */*
  [1m[36mAnnouncement Load (0.9ms)[0m  [1m[34mSELECT "announcements".* FROM "announcements" ORDER BY "announcements"."created_at" DESC[0m
  ↳ app/controllers/api/v1/announcements_controller.rb:4:in `index'
Completed 200 OK in 4ms (Views: 1.1ms | ActiveRecord: 0.9ms | Allocations: 1134)


